This file contains any messages produced by compilers while
running configure, to aid debugging if configure makes a mistake.

It was created by jq configure 1.6-92-gad9fc9f-dirty, which was
generated by GNU Autoconf 2.69.  Invocation command line was

  $ ./configure --with-oniguruma=builtin --disable-maintainer-mode

## --------- ##
## Platform. ##
## --------- ##

hostname = nattestad-macbookpro2.roam.corp.google.com
uname -m = x86_64
uname -r = 18.2.0
uname -s = Darwin
uname -v = Darwin Kernel Version 18.2.0: Thu Dec 20 20:46:53 PST 2018; root:xnu-4903.241.1~1/RELEASE_X86_64

/usr/bin/uname -p = i386
/bin/uname -X     = unknown

/bin/arch              = unknown
/usr/bin/arch -k       = unknown
/usr/convex/getsysinfo = unknown
/usr/bin/hostinfo      = Mach kernel version:
	 Darwin Kernel Version 18.2.0: Thu Dec 20 20:46:53 PST 2018; root:xnu-4903.241.1~1/RELEASE_X86_64
Kernel configured for up to 12 processors.
6 processors are physically available.
12 processors are logically available.
Processor type: x86_64h (Intel x86-64h Haswell)
Processors active: 0 1 2 3 4 5 6 7 8 9 10 11
Primary memory available: 32.00 gigabytes
Default processor set: 472 tasks, 2903 threads, 12 processors
Load average: 2.99, Mach factor: 9.00
/bin/machine           = unknown
/usr/bin/oslevel       = unknown
/bin/universe          = unknown

PATH: /Users/nattestad/workspaces/emsdk/emscripten/1.38.30/system/bin
PATH: /Users/nattestad/workspaces/emsdk
PATH: /Users/nattestad/workspaces/emsdk/clang/e1.38.30_64bit
PATH: /Users/nattestad/workspaces/emsdk/node/8.9.1_64bit/bin
PATH: /Users/nattestad/workspaces/emsdk/emscripten/1.38.30
PATH: /Users/nattestad/.nvm/versions/node/v11.14.0/bin
PATH: /usr/local/git/current/bin
PATH: /usr/local/bin
PATH: /usr/bin
PATH: /bin
PATH: /usr/local/sbin
PATH: /usr/sbin
PATH: /sbin


## ----------- ##
## Core tests. ##
## ----------- ##

configure:2577: checking for a BSD-compatible install
configure:2645: result: /usr/bin/install -c
configure:2656: checking whether build environment is sane
configure:2711: result: yes
configure:2862: checking for a thread-safe mkdir -p
configure:2901: result: config/install-sh -c -d
configure:2908: checking for gawk
configure:2938: result: no
configure:2908: checking for mawk
configure:2938: result: no
configure:2908: checking for nawk
configure:2938: result: no
configure:2908: checking for awk
configure:2924: found /usr/bin/awk
configure:2935: result: awk
configure:2946: checking whether make sets $(MAKE)
configure:2968: result: yes
configure:2997: checking whether make supports nested variables
configure:3014: result: yes
configure:3151: checking whether make supports nested variables
configure:3168: result: yes
configure:3183: checking whether make supports the include directive
configure:3198: make -f confmf.GNU && cat confinc.out
this is the am__doit target
configure:3201: $? = 0
configure:3220: result: yes (GNU style)
configure:3290: checking for gcc
configure:3317: result: /Users/nattestad/workspaces/emsdk/emscripten/1.38.30/emcc
configure:3546: checking for C compiler version
configure:3555: /Users/nattestad/workspaces/emsdk/emscripten/1.38.30/emcc --version >&5
emcc (Emscripten gcc/clang-like replacement) 1.38.30 (commit 9538381d56272818cba77a808ba46fdac6c961c8)
Copyright (C) 2014 the Emscripten authors (see AUTHORS.txt)
This is free and open source software under the MIT license.
There is NO warranty; not even for MERCHANTABILITY or FITNESS FOR A PARTICULAR PURPOSE.
  
configure:3566: $? = 0
configure:3555: /Users/nattestad/workspaces/emsdk/emscripten/1.38.30/emcc -v >&5
emcc (Emscripten gcc/clang-like replacement + linker emulating GNU ld) 1.38.30
clang version 6.0.1  (emscripten 1.38.30 : 1.38.30)
Target: x86_64-apple-darwin18.2.0
Thread model: posix
InstalledDir: /Users/nattestad/workspaces/emsdk/clang/e1.38.30_64bit
shared:INFO: (Emscripten: Running sanity checks)
shared:WARNING: java does not seem to exist, required for closure compiler, which is optional (define JAVA in /Users/nattestad/.emscripten if you want it)
shared:WARNING: closure compiler will not be available
configure:3566: $? = 0
configure:3555: /Users/nattestad/workspaces/emsdk/emscripten/1.38.30/emcc -V >&5
shared:ERROR: no input files
note that input files without a known suffix are ignored, make sure your input files end with one of: ('.c', '.C', '.i', '.cpp', '.cxx', '.cc', '.c++', '.CPP', '.CXX', '.CC', '.C++', '.ii', '.m', '.mi', '.mm', '.mii', '/dev/null', '.bc', '.o', '.obj', '.lo', '.dylib', '.so', '.a', '.ll', '.h', '.hxx', '.hpp', '.hh', '.H', '.HXX', '.HPP', '.HH')
configure:3566: $? = 1
configure:3555: /Users/nattestad/workspaces/emsdk/emscripten/1.38.30/emcc -qversion >&5
shared:ERROR: no input files
note that input files without a known suffix are ignored, make sure your input files end with one of: ('.c', '.C', '.i', '.cpp', '.cxx', '.cc', '.c++', '.CPP', '.CXX', '.CC', '.C++', '.ii', '.m', '.mi', '.mm', '.mii', '/dev/null', '.bc', '.o', '.obj', '.lo', '.dylib', '.so', '.a', '.ll', '.h', '.hxx', '.hpp', '.hh', '.H', '.HXX', '.HPP', '.HH')
configure:3566: $? = 1
configure:3586: checking whether the C compiler works
configure:3608: /Users/nattestad/workspaces/emsdk/emscripten/1.38.30/emcc    conftest.c  >&5
configure:3612: $? = 0
configure:3660: result: yes
configure:3663: checking for C compiler default output file name
configure:3665: result: a.out
configure:3671: checking for suffix of executables
configure:3678: /Users/nattestad/workspaces/emsdk/emscripten/1.38.30/emcc -o conftest    conftest.c  >&5
configure:3682: $? = 0
configure:3704: result: 
configure:3726: checking whether we are cross compiling
configure:3734: /Users/nattestad/workspaces/emsdk/emscripten/1.38.30/emcc -o conftest    conftest.c  >&5
configure:3738: $? = 0
configure:3745: ./conftest
configure:3749: $? = 0
configure:3764: result: no
configure:3769: checking for suffix of object files
configure:3791: /Users/nattestad/workspaces/emsdk/emscripten/1.38.30/emcc -c   conftest.c >&5
configure:3795: $? = 0
configure:3816: result: o
configure:3820: checking whether we are using the GNU C compiler
configure:3839: /Users/nattestad/workspaces/emsdk/emscripten/1.38.30/emcc -c   conftest.c >&5
configure:3839: $? = 0
configure:3848: result: yes
configure:3857: checking whether /Users/nattestad/workspaces/emsdk/emscripten/1.38.30/emcc accepts -g
configure:3877: /Users/nattestad/workspaces/emsdk/emscripten/1.38.30/emcc -c -g  conftest.c >&5
configure:3877: $? = 0
configure:3918: result: yes
configure:3935: checking for /Users/nattestad/workspaces/emsdk/emscripten/1.38.30/emcc option to accept ISO C89
configure:3998: /Users/nattestad/workspaces/emsdk/emscripten/1.38.30/emcc  -c   conftest.c >&5
configure:3998: $? = 0
configure:4011: result: none needed
configure:4036: checking whether /Users/nattestad/workspaces/emsdk/emscripten/1.38.30/emcc understands -c and -o together
configure:4058: /Users/nattestad/workspaces/emsdk/emscripten/1.38.30/emcc -c conftest.c -o conftest2.o
configure:4061: $? = 0
configure:4058: /Users/nattestad/workspaces/emsdk/emscripten/1.38.30/emcc -c conftest.c -o conftest2.o
configure:4061: $? = 0
configure:4073: result: yes
configure:4092: checking dependency style of /Users/nattestad/workspaces/emsdk/emscripten/1.38.30/emcc
configure:4203: result: gcc3
configure:4321: checking the archiver (/Users/nattestad/workspaces/emsdk/emscripten/1.38.30/emar) interface
configure:4337: /Users/nattestad/workspaces/emsdk/emscripten/1.38.30/emcc -c   conftest.c >&5
configure:4337: $? = 0
configure:4339: /Users/nattestad/workspaces/emsdk/emscripten/1.38.30/emar cru libconftest.a conftest.o >&5
configure:4342: $? = 0
configure:4370: result: ar
configure:4391: checking whether to enable maintainer-specific portions of Makefiles
configure:4400: result: no
configure:4461: checking for gcc
configure:4488: result: /Users/nattestad/workspaces/emsdk/emscripten/1.38.30/emcc
configure:4717: checking for C compiler version
configure:4726: /Users/nattestad/workspaces/emsdk/emscripten/1.38.30/emcc --version >&5
emcc (Emscripten gcc/clang-like replacement) 1.38.30 (commit 9538381d56272818cba77a808ba46fdac6c961c8)
Copyright (C) 2014 the Emscripten authors (see AUTHORS.txt)
This is free and open source software under the MIT license.
There is NO warranty; not even for MERCHANTABILITY or FITNESS FOR A PARTICULAR PURPOSE.
  
configure:4737: $? = 0
configure:4726: /Users/nattestad/workspaces/emsdk/emscripten/1.38.30/emcc -v >&5
emcc (Emscripten gcc/clang-like replacement + linker emulating GNU ld) 1.38.30
clang version 6.0.1  (emscripten 1.38.30 : 1.38.30)
Target: x86_64-apple-darwin18.2.0
Thread model: posix
InstalledDir: /Users/nattestad/workspaces/emsdk/clang/e1.38.30_64bit
shared:INFO: (Emscripten: Running sanity checks)
shared:WARNING: java does not seem to exist, required for closure compiler, which is optional (define JAVA in /Users/nattestad/.emscripten if you want it)
shared:WARNING: closure compiler will not be available
configure:4737: $? = 0
configure:4726: /Users/nattestad/workspaces/emsdk/emscripten/1.38.30/emcc -V >&5
shared:ERROR: no input files
note that input files without a known suffix are ignored, make sure your input files end with one of: ('.c', '.C', '.i', '.cpp', '.cxx', '.cc', '.c++', '.CPP', '.CXX', '.CC', '.C++', '.ii', '.m', '.mi', '.mm', '.mii', '/dev/null', '.bc', '.o', '.obj', '.lo', '.dylib', '.so', '.a', '.ll', '.h', '.hxx', '.hpp', '.hh', '.H', '.HXX', '.HPP', '.HH')
configure:4737: $? = 1
configure:4726: /Users/nattestad/workspaces/emsdk/emscripten/1.38.30/emcc -qversion >&5
shared:ERROR: no input files
note that input files without a known suffix are ignored, make sure your input files end with one of: ('.c', '.C', '.i', '.cpp', '.cxx', '.cc', '.c++', '.CPP', '.CXX', '.CC', '.C++', '.ii', '.m', '.mi', '.mm', '.mii', '/dev/null', '.bc', '.o', '.obj', '.lo', '.dylib', '.so', '.a', '.ll', '.h', '.hxx', '.hpp', '.hh', '.H', '.HXX', '.HPP', '.HH')
configure:4737: $? = 1
configure:4741: checking whether we are using the GNU C compiler
configure:4769: result: yes
configure:4778: checking whether /Users/nattestad/workspaces/emsdk/emscripten/1.38.30/emcc accepts -g
configure:4839: result: yes
configure:4856: checking for /Users/nattestad/workspaces/emsdk/emscripten/1.38.30/emcc option to accept ISO C89
configure:4932: result: none needed
configure:4957: checking whether /Users/nattestad/workspaces/emsdk/emscripten/1.38.30/emcc understands -c and -o together
configure:4994: result: yes
configure:5013: checking dependency style of /Users/nattestad/workspaces/emsdk/emscripten/1.38.30/emcc
configure:5124: result: gcc3
configure:5143: checking for /Users/nattestad/workspaces/emsdk/emscripten/1.38.30/emcc option to accept ISO C99
configure:5292: /Users/nattestad/workspaces/emsdk/emscripten/1.38.30/emcc  -c   conftest.c >&5
configure:5292: $? = 0
configure:5305: result: none needed
configure:5413: checking for /Users/nattestad/workspaces/emsdk/emscripten/1.38.30/emcc option to accept ISO Standard C
configure:5424: result: none needed
configure:5436: checking how to run the C preprocessor
configure:5467: /Users/nattestad/workspaces/emsdk/emscripten/1.38.30/emcc -E  conftest.c
configure:5467: $? = 0
configure:5481: /Users/nattestad/workspaces/emsdk/emscripten/1.38.30/emcc -E  conftest.c
conftest.c:11:10: fatal error: 'ac_nonexistent.h' file not found
#include <ac_nonexistent.h>
         ^~~~~~~~~~~~~~~~~~
1 error generated.
configure:5481: $? = 1
configure: failed program was:
| /* confdefs.h */
| #define PACKAGE_NAME "jq"
| #define PACKAGE_TARNAME "jq"
| #define PACKAGE_VERSION "1.6-92-gad9fc9f-dirty"
| #define PACKAGE_STRING "jq 1.6-92-gad9fc9f-dirty"
| #define PACKAGE_BUGREPORT "https://github.com/stedolan/jq/issues"
| #define PACKAGE_URL "https://stedolan.github.io/jq"
| #define PACKAGE "jq"
| #define VERSION "1.6-92-gad9fc9f-dirty"
| /* end confdefs.h.  */
| #include <ac_nonexistent.h>
configure:5506: result: /Users/nattestad/workspaces/emsdk/emscripten/1.38.30/emcc -E
configure:5526: /Users/nattestad/workspaces/emsdk/emscripten/1.38.30/emcc -E  conftest.c
configure:5526: $? = 0
configure:5540: /Users/nattestad/workspaces/emsdk/emscripten/1.38.30/emcc -E  conftest.c
conftest.c:11:10: fatal error: 'ac_nonexistent.h' file not found
#include <ac_nonexistent.h>
         ^~~~~~~~~~~~~~~~~~
1 error generated.
configure:5540: $? = 1
configure: failed program was:
| /* confdefs.h */
| #define PACKAGE_NAME "jq"
| #define PACKAGE_TARNAME "jq"
| #define PACKAGE_VERSION "1.6-92-gad9fc9f-dirty"
| #define PACKAGE_STRING "jq 1.6-92-gad9fc9f-dirty"
| #define PACKAGE_BUGREPORT "https://github.com/stedolan/jq/issues"
| #define PACKAGE_URL "https://stedolan.github.io/jq"
| #define PACKAGE "jq"
| #define VERSION "1.6-92-gad9fc9f-dirty"
| /* end confdefs.h.  */
| #include <ac_nonexistent.h>
configure:5573: checking for bison
configure:5589: found /usr/bin/bison
configure:5600: result: bison -y
configure:5643: checking build system type
configure:5657: result: x86_64-apple-darwin18.2.0
configure:5677: checking host system type
configure:5690: result: x86_64-apple-darwin18.2.0
configure:5731: checking how to print strings
configure:5758: result: printf
configure:5779: checking for a sed that does not truncate output
configure:5843: result: /usr/bin/sed
configure:5861: checking for grep that handles long lines and -e
configure:5919: result: /usr/bin/grep
configure:5924: checking for egrep
configure:5986: result: /usr/bin/grep -E
configure:5991: checking for fgrep
configure:6053: result: /usr/bin/grep -F
configure:6088: checking for ld used by /Users/nattestad/workspaces/emsdk/emscripten/1.38.30/emcc
shared:ERROR: no input files
note that input files without a known suffix are ignored, make sure your input files end with one of: ('.c', '.C', '.i', '.cpp', '.cxx', '.cc', '.c++', '.CPP', '.CXX', '.CC', '.C++', '.ii', '.m', '.mi', '.mm', '.mii', '/dev/null', '.bc', '.o', '.obj', '.lo', '.dylib', '.so', '.a', '.ll', '.h', '.hxx', '.hpp', '.hh', '.H', '.HXX', '.HPP', '.HH')
configure:6155: result: /Users/nattestad/workspaces/emsdk/emscripten/1.38.30/emcc
configure:6162: checking if the linker (/Users/nattestad/workspaces/emsdk/emscripten/1.38.30/emcc) is GNU ld
configure:6177: result: yes
configure:6189: checking for BSD- or MS-compatible name lister (nm)
configure:6243: result: /Users/nattestad/workspaces/emsdk/clang/e1.38.30_64bit/llvm-nm
configure:6373: checking the name lister (/Users/nattestad/workspaces/emsdk/clang/e1.38.30_64bit/llvm-nm) interface
configure:6380: /Users/nattestad/workspaces/emsdk/emscripten/1.38.30/emcc -c   conftest.c >&5
configure:6383: /Users/nattestad/workspaces/emsdk/clang/e1.38.30_64bit/llvm-nm "conftest.o"
configure:6386: output
-------- D some_variable
configure:6393: result: BSD nm
configure:6396: checking whether ln -s works
configure:6400: result: yes
configure:6408: checking the maximum length of command line arguments
configure:6539: result: 196608
configure:6587: checking how to convert x86_64-apple-darwin18.2.0 file names to x86_64-apple-darwin18.2.0 format
configure:6627: result: func_convert_file_noop
configure:6634: checking how to convert x86_64-apple-darwin18.2.0 file names to toolchain format
configure:6654: result: func_convert_file_noop
configure:6661: checking for /Users/nattestad/workspaces/emsdk/emscripten/1.38.30/emcc option to reload object files
configure:6668: result: -r
configure:6742: checking for objdump
configure:6758: found /usr/bin/objdump
configure:6769: result: objdump
configure:6798: checking how to recognize dependent libraries
configure:6998: result: pass_all
configure:7083: checking for dlltool
configure:7113: result: no
configure:7140: checking how to associate runtime and link libraries
configure:7167: result: printf %s\n
configure:7291: checking for archiver @FILE support
configure:7308: /Users/nattestad/workspaces/emsdk/emscripten/1.38.30/emcc -c   conftest.c >&5
configure:7308: $? = 0
configure:7311: /Users/nattestad/workspaces/emsdk/emscripten/1.38.30/emar cru libconftest.a @conftest.lst >&5
configure:7314: $? = 0
configure:7319: /Users/nattestad/workspaces/emsdk/emscripten/1.38.30/emar cru libconftest.a @conftest.lst >&5
/Users/nattestad/workspaces/emsdk/clang/e1.38.30_64bit/llvm-ar: conftest.o: No such file or directory.
OVERVIEW: LLVM Archiver (llvm-ar)

  This program archives bitcode files into single libraries

USAGE: llvm-ar [options] [relpos] [count] <archive-file> [members]...

OPTIONS:
  -M                  - 
  -format             - Archive format to create
    =default          -   default
    =gnu              -   gnu
    =darwin           -   darwin
    =bsd              -   bsd
  -help               - Display available options (-help-hidden for more)
  -plugin=<string>    - plugin (ignored for compatibility
  -print-module-scope - When printing IR for print-[before|after]{-all} always print a module IR
  -version            - Display the version of this program
configure:7322: $? = 1
configure:7334: result: @
configure:7392: checking for strip
configure:7408: found /usr/bin/strip
configure:7419: result: strip
configure:7491: checking for ranlib
configure:7518: result: /Users/nattestad/workspaces/emsdk/emscripten/1.38.30/emranlib
configure:7620: checking command to parse /Users/nattestad/workspaces/emsdk/clang/e1.38.30_64bit/llvm-nm output from /Users/nattestad/workspaces/emsdk/emscripten/1.38.30/emcc object
configure:7773: /Users/nattestad/workspaces/emsdk/emscripten/1.38.30/emcc -c   conftest.c >&5
configure:7776: $? = 0
configure:7780: /Users/nattestad/workspaces/emsdk/clang/e1.38.30_64bit/llvm-nm conftest.o \| sed -n -e 's/^.*[ ]\([BCDEGRST][BCDEGRST]*\)[ ][ ]*\([_A-Za-z][_A-Za-z0-9]*\)$/\1 \2 \2/p' | sed '/ __gnu_lto/d' \> conftest.nm
configure:7783: $? = 0
configure:7849: /Users/nattestad/workspaces/emsdk/emscripten/1.38.30/emcc -o conftest    conftest.c conftstm.o >&5
configure:7852: $? = 0
configure:7890: result: ok
configure:7937: checking for sysroot
configure:7967: result: no
configure:7974: checking for a working dd
configure:8012: result: /bin/dd
configure:8016: checking how to truncate binary pipes
configure:8031: result: /bin/dd bs=4096 count=1
configure:8360: checking for mt
configure:8390: result: no
configure:8410: checking if : is a manifest tool
configure:8416: : '-?'
configure:8424: result: no
configure:8480: checking for dsymutil
configure:8496: found /usr/bin/dsymutil
configure:8507: result: dsymutil
configure:8572: checking for nmedit
configure:8588: found /usr/bin/nmedit
configure:8599: result: nmedit
configure:8664: checking for lipo
configure:8680: found /usr/bin/lipo
configure:8691: result: lipo
configure:8756: checking for otool
configure:8772: found /usr/bin/otool
configure:8783: result: otool
configure:8848: checking for otool64
configure:8878: result: no
configure:8923: checking for -single_module linker flag
/Users/nattestad/workspaces/emsdk/emscripten/1.38.30/emcc   -o libconftest.dylib -dynamiclib -Wl,-single_module conftest.c
configure:8956: result: yes
configure:8959: checking for -exported_symbols_list linker flag
configure:8979: /Users/nattestad/workspaces/emsdk/emscripten/1.38.30/emcc -o conftest    -Wl,-exported_symbols_list,conftest.sym conftest.c  >&5
configure:8979: $? = 0
configure:8989: result: yes
configure:8992: checking for -force_load linker flag
/Users/nattestad/workspaces/emsdk/emscripten/1.38.30/emcc  -c -o conftest.o conftest.c
/Users/nattestad/workspaces/emsdk/emscripten/1.38.30/emar cru libconftest.a conftest.o
/Users/nattestad/workspaces/emsdk/emscripten/1.38.30/emranlib libconftest.a
/Users/nattestad/workspaces/emsdk/emscripten/1.38.30/emcc   -o conftest conftest.c -Wl,-force_load,./libconftest.a
configure:9024: result: no
configure:9097: checking for ANSI C header files
configure:9117: /Users/nattestad/workspaces/emsdk/emscripten/1.38.30/emcc -c   conftest.c >&5
configure:9117: $? = 0
configure:9190: /Users/nattestad/workspaces/emsdk/emscripten/1.38.30/emcc -o conftest    conftest.c  >&5
configure:9190: $? = 0
configure:9190: ./conftest
configure:9190: $? = 0
configure:9201: result: yes
configure:9214: checking for sys/types.h
configure:9214: /Users/nattestad/workspaces/emsdk/emscripten/1.38.30/emcc -c   conftest.c >&5
configure:9214: $? = 0
configure:9214: result: yes
configure:9214: checking for sys/stat.h
configure:9214: /Users/nattestad/workspaces/emsdk/emscripten/1.38.30/emcc -c   conftest.c >&5
configure:9214: $? = 0
configure:9214: result: yes
configure:9214: checking for stdlib.h
configure:9214: /Users/nattestad/workspaces/emsdk/emscripten/1.38.30/emcc -c   conftest.c >&5
configure:9214: $? = 0
configure:9214: result: yes
configure:9214: checking for string.h
configure:9214: /Users/nattestad/workspaces/emsdk/emscripten/1.38.30/emcc -c   conftest.c >&5
configure:9214: $? = 0
configure:9214: result: yes
configure:9214: checking for memory.h
configure:9214: /Users/nattestad/workspaces/emsdk/emscripten/1.38.30/emcc -c   conftest.c >&5
configure:9214: $? = 0
configure:9214: result: yes
configure:9214: checking for strings.h
configure:9214: /Users/nattestad/workspaces/emsdk/emscripten/1.38.30/emcc -c   conftest.c >&5
configure:9214: $? = 0
configure:9214: result: yes
configure:9214: checking for inttypes.h
configure:9214: /Users/nattestad/workspaces/emsdk/emscripten/1.38.30/emcc -c   conftest.c >&5
configure:9214: $? = 0
configure:9214: result: yes
configure:9214: checking for stdint.h
configure:9214: /Users/nattestad/workspaces/emsdk/emscripten/1.38.30/emcc -c   conftest.c >&5
configure:9214: $? = 0
configure:9214: result: yes
configure:9214: checking for unistd.h
configure:9214: /Users/nattestad/workspaces/emsdk/emscripten/1.38.30/emcc -c   conftest.c >&5
configure:9214: $? = 0
configure:9214: result: yes
configure:9228: checking for dlfcn.h
configure:9228: /Users/nattestad/workspaces/emsdk/emscripten/1.38.30/emcc -c   conftest.c >&5
configure:9228: $? = 0
configure:9228: result: yes
configure:9780: checking for objdir
configure:9795: result: .libs
configure:10059: checking if /Users/nattestad/workspaces/emsdk/emscripten/1.38.30/emcc supports -fno-rtti -fno-exceptions
configure:10077: /Users/nattestad/workspaces/emsdk/emscripten/1.38.30/emcc -c   -fno-rtti -fno-exceptions conftest.c >&5
configure:10081: $? = 0
configure:10094: result: yes
configure:10452: checking for /Users/nattestad/workspaces/emsdk/emscripten/1.38.30/emcc option to produce PIC
configure:10459: result: -fno-common -DPIC
configure:10467: checking if /Users/nattestad/workspaces/emsdk/emscripten/1.38.30/emcc PIC flag -fno-common -DPIC works
configure:10485: /Users/nattestad/workspaces/emsdk/emscripten/1.38.30/emcc -c   -fno-common -DPIC -DPIC conftest.c >&5
configure:10489: $? = 0
configure:10502: result: yes
configure:10531: checking if /Users/nattestad/workspaces/emsdk/emscripten/1.38.30/emcc static flag -static works
configure:10559: result: yes
configure:10574: checking if /Users/nattestad/workspaces/emsdk/emscripten/1.38.30/emcc supports -c -o file.o
configure:10595: /Users/nattestad/workspaces/emsdk/emscripten/1.38.30/emcc -c   -o out/conftest2.o conftest.c >&5
configure:10599: $? = 0
configure:10621: result: yes
configure:10629: checking if /Users/nattestad/workspaces/emsdk/emscripten/1.38.30/emcc supports -c -o file.o
configure:10676: result: yes
configure:10709: checking whether the /Users/nattestad/workspaces/emsdk/emscripten/1.38.30/emcc linker (/Users/nattestad/workspaces/emsdk/emscripten/1.38.30/emcc) supports shared libraries
configure:11968: result: yes
configure:12005: checking whether -lc should be explicitly linked in
configure:12013: /Users/nattestad/workspaces/emsdk/emscripten/1.38.30/emcc -c   conftest.c >&5
configure:12016: $? = 0
configure:12031: /Users/nattestad/workspaces/emsdk/emscripten/1.38.30/emcc -shared  -fno-common -DPIC conftest.o  -v -Wl,-soname -Wl,conftest -o conftest 2\>\&1 \| /usr/bin/grep  -lc  \>/dev/null 2\>\&1
configure:12034: $? = 1
configure:12048: result: yes
configure:12208: checking dynamic linker characteristics
configure:13026: result: darwin18.2.0 dyld
configure:13148: checking how to hardcode library paths into programs
configure:13173: result: immediate
configure:13721: checking whether stripping libraries is possible
configure:13735: result: yes
configure:13761: checking if libtool supports shared libraries
configure:13763: result: yes
configure:13766: checking whether to build shared libraries
configure:13791: result: yes
configure:13794: checking whether to build static libraries
configure:13798: result: yes
configure:13969: checking for valgrind
configure:13999: result: no
configure:14008: WARNING: valgrind is required to test jq.
configure:14013: checking for memmem
configure:14013: /Users/nattestad/workspaces/emsdk/emscripten/1.38.30/emcc -o conftest    conftest.c  >&5
[0;33mwarning:[0m unexpected number of arguments 0 in call to 'memmem', should be 4
configure:14013: $? = 0
configure:14013: result: yes
configure:14024: checking for mkstemp
configure:14024: /Users/nattestad/workspaces/emsdk/emscripten/1.38.30/emcc -o conftest    conftest.c  >&5
[0;33mwarning:[0m unexpected number of arguments 0 in call to 'mkstemp', should be 1
configure:14024: $? = 0
configure:14024: result: yes
configure:14035: checking shlwapi.h usability
configure:14035: /Users/nattestad/workspaces/emsdk/emscripten/1.38.30/emcc -c   conftest.c >&5
conftest.c:58:10: fatal error: 'shlwapi.h' file not found
#include <shlwapi.h>
         ^~~~~~~~~~~
1 error generated.
shared:ERROR: compiler frontend failed to generate LLVM bitcode, halting
configure:14035: $? = 1
configure: failed program was:
| /* confdefs.h */
| #define PACKAGE_NAME "jq"
| #define PACKAGE_TARNAME "jq"
| #define PACKAGE_VERSION "1.6-92-gad9fc9f-dirty"
| #define PACKAGE_STRING "jq 1.6-92-gad9fc9f-dirty"
| #define PACKAGE_BUGREPORT "https://github.com/stedolan/jq/issues"
| #define PACKAGE_URL "https://stedolan.github.io/jq"
| #define PACKAGE "jq"
| #define VERSION "1.6-92-gad9fc9f-dirty"
| #define STDC_HEADERS 1
| #define HAVE_SYS_TYPES_H 1
| #define HAVE_SYS_STAT_H 1
| #define HAVE_STDLIB_H 1
| #define HAVE_STRING_H 1
| #define HAVE_MEMORY_H 1
| #define HAVE_STRINGS_H 1
| #define HAVE_INTTYPES_H 1
| #define HAVE_STDINT_H 1
| #define HAVE_UNISTD_H 1
| #define HAVE_DLFCN_H 1
| #define LT_OBJDIR ".libs/"
| #define HAVE_MEMMEM 1
| #define HAVE_MKSTEMP 1
| /* end confdefs.h.  */
| #include <stdio.h>
| #ifdef HAVE_SYS_TYPES_H
| # include <sys/types.h>
| #endif
| #ifdef HAVE_SYS_STAT_H
| # include <sys/stat.h>
| #endif
| #ifdef STDC_HEADERS
| # include <stdlib.h>
| # include <stddef.h>
| #else
| # ifdef HAVE_STDLIB_H
| #  include <stdlib.h>
| # endif
| #endif
| #ifdef HAVE_STRING_H
| # if !defined STDC_HEADERS && defined HAVE_MEMORY_H
| #  include <memory.h>
| # endif
| # include <string.h>
| #endif
| #ifdef HAVE_STRINGS_H
| # include <strings.h>
| #endif
| #ifdef HAVE_INTTYPES_H
| # include <inttypes.h>
| #endif
| #ifdef HAVE_STDINT_H
| # include <stdint.h>
| #endif
| #ifdef HAVE_UNISTD_H
| # include <unistd.h>
| #endif
| #include <shlwapi.h>
configure:14035: result: no
configure:14035: checking shlwapi.h presence
configure:14035: /Users/nattestad/workspaces/emsdk/emscripten/1.38.30/emcc -E  conftest.c
conftest.c:25:10: fatal error: 'shlwapi.h' file not found
#include <shlwapi.h>
         ^~~~~~~~~~~
1 error generated.
configure:14035: $? = 1
configure: failed program was:
| /* confdefs.h */
| #define PACKAGE_NAME "jq"
| #define PACKAGE_TARNAME "jq"
| #define PACKAGE_VERSION "1.6-92-gad9fc9f-dirty"
| #define PACKAGE_STRING "jq 1.6-92-gad9fc9f-dirty"
| #define PACKAGE_BUGREPORT "https://github.com/stedolan/jq/issues"
| #define PACKAGE_URL "https://stedolan.github.io/jq"
| #define PACKAGE "jq"
| #define VERSION "1.6-92-gad9fc9f-dirty"
| #define STDC_HEADERS 1
| #define HAVE_SYS_TYPES_H 1
| #define HAVE_SYS_STAT_H 1
| #define HAVE_STDLIB_H 1
| #define HAVE_STRING_H 1
| #define HAVE_MEMORY_H 1
| #define HAVE_STRINGS_H 1
| #define HAVE_INTTYPES_H 1
| #define HAVE_STDINT_H 1
| #define HAVE_UNISTD_H 1
| #define HAVE_DLFCN_H 1
| #define LT_OBJDIR ".libs/"
| #define HAVE_MEMMEM 1
| #define HAVE_MKSTEMP 1
| /* end confdefs.h.  */
| #include <shlwapi.h>
configure:14035: result: no
configure:14035: checking for shlwapi.h
configure:14035: result: no
configure:14225: checking for size_t
configure:14225: /Users/nattestad/workspaces/emsdk/emscripten/1.38.30/emcc -c   conftest.c >&5
configure:14225: $? = 0
configure:14225: /Users/nattestad/workspaces/emsdk/emscripten/1.38.30/emcc -c   conftest.c >&5
conftest.c:61:21: error: expected expression
if (sizeof ((size_t)))
                    ^
1 error generated.
shared:ERROR: compiler frontend failed to generate LLVM bitcode, halting
configure:14225: $? = 1
configure: failed program was:
| /* confdefs.h */
| #define PACKAGE_NAME "jq"
| #define PACKAGE_TARNAME "jq"
| #define PACKAGE_VERSION "1.6-92-gad9fc9f-dirty"
| #define PACKAGE_STRING "jq 1.6-92-gad9fc9f-dirty"
| #define PACKAGE_BUGREPORT "https://github.com/stedolan/jq/issues"
| #define PACKAGE_URL "https://stedolan.github.io/jq"
| #define PACKAGE "jq"
| #define VERSION "1.6-92-gad9fc9f-dirty"
| #define STDC_HEADERS 1
| #define HAVE_SYS_TYPES_H 1
| #define HAVE_SYS_STAT_H 1
| #define HAVE_STDLIB_H 1
| #define HAVE_STRING_H 1
| #define HAVE_MEMORY_H 1
| #define HAVE_STRINGS_H 1
| #define HAVE_INTTYPES_H 1
| #define HAVE_STDINT_H 1
| #define HAVE_UNISTD_H 1
| #define HAVE_DLFCN_H 1
| #define LT_OBJDIR ".libs/"
| #define HAVE_MEMMEM 1
| #define HAVE_MKSTEMP 1
| /* end confdefs.h.  */
| #include <stdio.h>
| #ifdef HAVE_SYS_TYPES_H
| # include <sys/types.h>
| #endif
| #ifdef HAVE_SYS_STAT_H
| # include <sys/stat.h>
| #endif
| #ifdef STDC_HEADERS
| # include <stdlib.h>
| # include <stddef.h>
| #else
| # ifdef HAVE_STDLIB_H
| #  include <stdlib.h>
| # endif
| #endif
| #ifdef HAVE_STRING_H
| # if !defined STDC_HEADERS && defined HAVE_MEMORY_H
| #  include <memory.h>
| # endif
| # include <string.h>
| #endif
| #ifdef HAVE_STRINGS_H
| # include <strings.h>
| #endif
| #ifdef HAVE_INTTYPES_H
| # include <inttypes.h>
| #endif
| #ifdef HAVE_STDINT_H
| # include <stdint.h>
| #endif
| #ifdef HAVE_UNISTD_H
| # include <unistd.h>
| #endif
| int
| main ()
| {
| if (sizeof ((size_t)))
| 	    return 0;
|   ;
|   return 0;
| }
configure:14225: result: yes
configure:14238: checking for working alloca.h
configure:14255: /Users/nattestad/workspaces/emsdk/emscripten/1.38.30/emcc -o conftest    conftest.c  >&5
configure:14255: $? = 0
configure:14263: result: yes
configure:14271: checking for alloca
configure:14308: /Users/nattestad/workspaces/emsdk/emscripten/1.38.30/emcc -o conftest    conftest.c  >&5
configure:14308: $? = 0
configure:14316: result: yes
configure:14427: checking for isatty
configure:14455: /Users/nattestad/workspaces/emsdk/emscripten/1.38.30/emcc -o conftest    conftest.c     >&5
configure:14455: $? = 0
configure:14496: result: yes
configure:14530: checking for _isatty
configure:14558: /Users/nattestad/workspaces/emsdk/emscripten/1.38.30/emcc -o conftest    conftest.c     >&5
conftest.c:28:10: fatal error: 'io.h' file not found
#include <io.h>
         ^~~~~~
1 error generated.
shared:ERROR: compiler frontend failed to generate LLVM bitcode, halting
configure:14558: $? = 1
configure: failed program was:
| /* confdefs.h */
| #define PACKAGE_NAME "jq"
| #define PACKAGE_TARNAME "jq"
| #define PACKAGE_VERSION "1.6-92-gad9fc9f-dirty"
| #define PACKAGE_STRING "jq 1.6-92-gad9fc9f-dirty"
| #define PACKAGE_BUGREPORT "https://github.com/stedolan/jq/issues"
| #define PACKAGE_URL "https://stedolan.github.io/jq"
| #define PACKAGE "jq"
| #define VERSION "1.6-92-gad9fc9f-dirty"
| #define STDC_HEADERS 1
| #define HAVE_SYS_TYPES_H 1
| #define HAVE_SYS_STAT_H 1
| #define HAVE_STDLIB_H 1
| #define HAVE_STRING_H 1
| #define HAVE_MEMORY_H 1
| #define HAVE_STRINGS_H 1
| #define HAVE_INTTYPES_H 1
| #define HAVE_STDINT_H 1
| #define HAVE_UNISTD_H 1
| #define HAVE_DLFCN_H 1
| #define LT_OBJDIR ".libs/"
| #define HAVE_MEMMEM 1
| #define HAVE_MKSTEMP 1
| #define HAVE_ALLOCA_H 1
| #define HAVE_ALLOCA 1
| #define HAVE_ISATTY 1
| /* end confdefs.h.  */
| #include <io.h>
| int
| main ()
| {
| _isatty(0)
|   ;
|   return 0;
| }
configure:14558: /Users/nattestad/workspaces/emsdk/emscripten/1.38.30/emcc -o conftest    conftest.c  -lc   >&5
conftest.c:28:10: fatal error: 'io.h' file not found
#include <io.h>
         ^~~~~~
1 error generated.
shared:ERROR: compiler frontend failed to generate LLVM bitcode, halting
configure:14558: $? = 1
configure: failed program was:
| /* confdefs.h */
| #define PACKAGE_NAME "jq"
| #define PACKAGE_TARNAME "jq"
| #define PACKAGE_VERSION "1.6-92-gad9fc9f-dirty"
| #define PACKAGE_STRING "jq 1.6-92-gad9fc9f-dirty"
| #define PACKAGE_BUGREPORT "https://github.com/stedolan/jq/issues"
| #define PACKAGE_URL "https://stedolan.github.io/jq"
| #define PACKAGE "jq"
| #define VERSION "1.6-92-gad9fc9f-dirty"
| #define STDC_HEADERS 1
| #define HAVE_SYS_TYPES_H 1
| #define HAVE_SYS_STAT_H 1
| #define HAVE_STDLIB_H 1
| #define HAVE_STRING_H 1
| #define HAVE_MEMORY_H 1
| #define HAVE_STRINGS_H 1
| #define HAVE_INTTYPES_H 1
| #define HAVE_STDINT_H 1
| #define HAVE_UNISTD_H 1
| #define HAVE_DLFCN_H 1
| #define LT_OBJDIR ".libs/"
| #define HAVE_MEMMEM 1
| #define HAVE_MKSTEMP 1
| #define HAVE_ALLOCA_H 1
| #define HAVE_ALLOCA 1
| #define HAVE_ISATTY 1
| /* end confdefs.h.  */
| #include <io.h>
| int
| main ()
| {
| _isatty(0)
|   ;
|   return 0;
| }
configure:14605: result: no
configure:14633: checking for strptime
configure:14661: /Users/nattestad/workspaces/emsdk/emscripten/1.38.30/emcc -o conftest    conftest.c     >&5
configure:14661: $? = 0
configure:14702: result: yes
configure:14736: checking for strftime
configure:14764: /Users/nattestad/workspaces/emsdk/emscripten/1.38.30/emcc -o conftest    conftest.c     >&5
configure:14764: $? = 0
configure:14805: result: yes
configure:14839: checking for setenv
configure:14867: /Users/nattestad/workspaces/emsdk/emscripten/1.38.30/emcc -o conftest    conftest.c     >&5
configure:14867: $? = 0
configure:14908: result: yes
configure:14942: checking for timegm
configure:14970: /Users/nattestad/workspaces/emsdk/emscripten/1.38.30/emcc -o conftest    conftest.c     >&5
configure:14970: $? = 0
configure:15011: result: yes
configure:15045: checking for gmtime_r
configure:15073: /Users/nattestad/workspaces/emsdk/emscripten/1.38.30/emcc -o conftest    conftest.c     >&5
configure:15073: $? = 0
configure:15114: result: yes
configure:15148: checking for gmtime
configure:15176: /Users/nattestad/workspaces/emsdk/emscripten/1.38.30/emcc -o conftest    conftest.c     >&5
configure:15176: $? = 0
configure:15217: result: yes
configure:15251: checking for localtime_r
configure:15279: /Users/nattestad/workspaces/emsdk/emscripten/1.38.30/emcc -o conftest    conftest.c     >&5
configure:15279: $? = 0
configure:15320: result: yes
configure:15354: checking for localtime
configure:15382: /Users/nattestad/workspaces/emsdk/emscripten/1.38.30/emcc -o conftest    conftest.c     >&5
configure:15382: $? = 0
configure:15423: result: yes
configure:15457: checking for gettimeofday
configure:15485: /Users/nattestad/workspaces/emsdk/emscripten/1.38.30/emcc -o conftest    conftest.c     >&5
conftest.c:40:1: error: implicit declaration of function 'gettimeofday' is invalid in C99 [-Werror,-Wimplicit-function-declaration]
gettimeofday(0, 0)
^
1 error generated.
shared:ERROR: compiler frontend failed to generate LLVM bitcode, halting
configure:15485: $? = 1
configure: failed program was:
| /* confdefs.h */
| #define PACKAGE_NAME "jq"
| #define PACKAGE_TARNAME "jq"
| #define PACKAGE_VERSION "1.6-92-gad9fc9f-dirty"
| #define PACKAGE_STRING "jq 1.6-92-gad9fc9f-dirty"
| #define PACKAGE_BUGREPORT "https://github.com/stedolan/jq/issues"
| #define PACKAGE_URL "https://stedolan.github.io/jq"
| #define PACKAGE "jq"
| #define VERSION "1.6-92-gad9fc9f-dirty"
| #define STDC_HEADERS 1
| #define HAVE_SYS_TYPES_H 1
| #define HAVE_SYS_STAT_H 1
| #define HAVE_STDLIB_H 1
| #define HAVE_STRING_H 1
| #define HAVE_MEMORY_H 1
| #define HAVE_STRINGS_H 1
| #define HAVE_INTTYPES_H 1
| #define HAVE_STDINT_H 1
| #define HAVE_UNISTD_H 1
| #define HAVE_DLFCN_H 1
| #define LT_OBJDIR ".libs/"
| #define HAVE_MEMMEM 1
| #define HAVE_MKSTEMP 1
| #define HAVE_ALLOCA_H 1
| #define HAVE_ALLOCA 1
| #define HAVE_ISATTY 1
| #define HAVE_STRPTIME 1
| #define HAVE_STRFTIME 1
| #define HAVE_SETENV 1
| #define HAVE_TIMEGM 1
| #define HAVE_GMTIME_R 1
| #define HAVE_GMTIME 1
| #define HAVE_LOCALTIME_R 1
| #define HAVE_LOCALTIME 1
| /* end confdefs.h.  */
| #include <time.h>
| int
| main ()
| {
| gettimeofday(0, 0)
|   ;
|   return 0;
| }
configure:15485: /Users/nattestad/workspaces/emsdk/emscripten/1.38.30/emcc -o conftest    conftest.c  -lc   >&5
conftest.c:40:1: error: implicit declaration of function 'gettimeofday' is invalid in C99 [-Werror,-Wimplicit-function-declaration]
gettimeofday(0, 0)
^
1 error generated.
shared:ERROR: compiler frontend failed to generate LLVM bitcode, halting
configure:15485: $? = 1
configure: failed program was:
| /* confdefs.h */
| #define PACKAGE_NAME "jq"
| #define PACKAGE_TARNAME "jq"
| #define PACKAGE_VERSION "1.6-92-gad9fc9f-dirty"
| #define PACKAGE_STRING "jq 1.6-92-gad9fc9f-dirty"
| #define PACKAGE_BUGREPORT "https://github.com/stedolan/jq/issues"
| #define PACKAGE_URL "https://stedolan.github.io/jq"
| #define PACKAGE "jq"
| #define VERSION "1.6-92-gad9fc9f-dirty"
| #define STDC_HEADERS 1
| #define HAVE_SYS_TYPES_H 1
| #define HAVE_SYS_STAT_H 1
| #define HAVE_STDLIB_H 1
| #define HAVE_STRING_H 1
| #define HAVE_MEMORY_H 1
| #define HAVE_STRINGS_H 1
| #define HAVE_INTTYPES_H 1
| #define HAVE_STDINT_H 1
| #define HAVE_UNISTD_H 1
| #define HAVE_DLFCN_H 1
| #define LT_OBJDIR ".libs/"
| #define HAVE_MEMMEM 1
| #define HAVE_MKSTEMP 1
| #define HAVE_ALLOCA_H 1
| #define HAVE_ALLOCA 1
| #define HAVE_ISATTY 1
| #define HAVE_STRPTIME 1
| #define HAVE_STRFTIME 1
| #define HAVE_SETENV 1
| #define HAVE_TIMEGM 1
| #define HAVE_GMTIME_R 1
| #define HAVE_GMTIME 1
| #define HAVE_LOCALTIME_R 1
| #define HAVE_LOCALTIME 1
| /* end confdefs.h.  */
| #include <time.h>
| int
| main ()
| {
| gettimeofday(0, 0)
|   ;
|   return 0;
| }
configure:15532: result: no
configure:15556: checking for struct tm.tm_gmtoff
configure:15556: /Users/nattestad/workspaces/emsdk/emscripten/1.38.30/emcc -c   conftest.c >&5
configure:15556: $? = 0
configure:15556: result: yes
configure:15564: checking for struct tm.__tm_gmtoff
configure:15564: /Users/nattestad/workspaces/emsdk/emscripten/1.38.30/emcc -c   conftest.c >&5
configure:15564: $? = 0
configure:15564: result: yes
configure:15900: checking for acos in -lm
configure:15925: /Users/nattestad/workspaces/emsdk/emscripten/1.38.30/emcc -o conftest    conftest.c -lm   >&5
conftest.c:45:6: warning: incompatible redeclaration of library function 'acos' [-Wincompatible-library-redeclaration]
char acos ();
     ^
conftest.c:45:6: note: 'acos' is a builtin with type 'double (double)'
1 warning generated.
[0;33mwarning:[0m unexpected number of arguments 0 in call to 'acos', should be 1
configure:15925: $? = 0
configure:15934: result: yes
configure:15954: checking for acosh in -lm
configure:15979: /Users/nattestad/workspaces/emsdk/emscripten/1.38.30/emcc -o conftest    conftest.c -lm   >&5
conftest.c:46:6: warning: incompatible redeclaration of library function 'acosh' [-Wincompatible-library-redeclaration]
char acosh ();
     ^
conftest.c:46:6: note: 'acosh' is a builtin with type 'double (double)'
1 warning generated.
[0;33mwarning:[0m unexpected number of arguments 0 in call to 'acosh', should be 1
[0;33mwarning:[0m unexpected return type i8 in call to 'acosh', should be double
configure:15979: $? = 0
configure:15988: result: yes
configure:16008: checking for asin in -lm
configure:16033: /Users/nattestad/workspaces/emsdk/emscripten/1.38.30/emcc -o conftest    conftest.c -lm   >&5
conftest.c:47:6: warning: incompatible redeclaration of library function 'asin' [-Wincompatible-library-redeclaration]
char asin ();
     ^
conftest.c:47:6: note: 'asin' is a builtin with type 'double (double)'
1 warning generated.
[0;33mwarning:[0m unexpected number of arguments 0 in call to 'asin', should be 1
configure:16033: $? = 0
configure:16042: result: yes
configure:16062: checking for asinh in -lm
configure:16087: /Users/nattestad/workspaces/emsdk/emscripten/1.38.30/emcc -o conftest    conftest.c -lm   >&5
conftest.c:48:6: warning: incompatible redeclaration of library function 'asinh' [-Wincompatible-library-redeclaration]
char asinh ();
     ^
conftest.c:48:6: note: 'asinh' is a builtin with type 'double (double)'
1 warning generated.
[0;33mwarning:[0m unexpected number of arguments 0 in call to 'asinh', should be 1
[0;33mwarning:[0m unexpected return type i8 in call to 'asinh', should be double
configure:16087: $? = 0
configure:16096: result: yes
configure:16116: checking for atan2 in -lm
configure:16141: /Users/nattestad/workspaces/emsdk/emscripten/1.38.30/emcc -o conftest    conftest.c -lm   >&5
conftest.c:49:6: warning: incompatible redeclaration of library function 'atan2' [-Wincompatible-library-redeclaration]
char atan2 ();
     ^
conftest.c:49:6: note: 'atan2' is a builtin with type 'double (double, double)'
1 warning generated.
[0;33mwarning:[0m unexpected number of arguments 0 in call to 'atan2', should be 1
configure:16141: $? = 0
configure:16150: result: yes
configure:16170: checking for atan in -lm
configure:16195: /Users/nattestad/workspaces/emsdk/emscripten/1.38.30/emcc -o conftest    conftest.c -lm   >&5
conftest.c:50:6: warning: incompatible redeclaration of library function 'atan' [-Wincompatible-library-redeclaration]
char atan ();
     ^
conftest.c:50:6: note: 'atan' is a builtin with type 'double (double)'
1 warning generated.
[0;33mwarning:[0m unexpected number of arguments 0 in call to 'atan', should be 1
configure:16195: $? = 0
configure:16204: result: yes
configure:16224: checking for atanh in -lm
configure:16249: /Users/nattestad/workspaces/emsdk/emscripten/1.38.30/emcc -o conftest    conftest.c -lm   >&5
conftest.c:51:6: warning: incompatible redeclaration of library function 'atanh' [-Wincompatible-library-redeclaration]
char atanh ();
     ^
conftest.c:51:6: note: 'atanh' is a builtin with type 'double (double)'
1 warning generated.
[0;33mwarning:[0m unexpected number of arguments 0 in call to 'atanh', should be 1
[0;33mwarning:[0m unexpected return type i8 in call to 'atanh', should be double
configure:16249: $? = 0
configure:16258: result: yes
configure:16278: checking for cbrt in -lm
configure:16303: /Users/nattestad/workspaces/emsdk/emscripten/1.38.30/emcc -o conftest    conftest.c -lm   >&5
conftest.c:52:6: warning: incompatible redeclaration of library function 'cbrt' [-Wincompatible-library-redeclaration]
char cbrt ();
     ^
conftest.c:52:6: note: 'cbrt' is a builtin with type 'double (double)'
1 warning generated.
[0;33mwarning:[0m unexpected number of arguments 0 in call to 'cbrt', should be 1
[0;33mwarning:[0m unexpected return type i8 in call to 'cbrt', should be double
configure:16303: $? = 0
configure:16312: result: yes
configure:16332: checking for ceil in -lm
configure:16357: /Users/nattestad/workspaces/emsdk/emscripten/1.38.30/emcc -o conftest    conftest.c -lm   >&5
conftest.c:53:6: warning: incompatible redeclaration of library function 'ceil' [-Wincompatible-library-redeclaration]
char ceil ();
     ^
conftest.c:53:6: note: 'ceil' is a builtin with type 'double (double)'
1 warning generated.
[0;33mwarning:[0m unexpected number of arguments 0 in call to 'ceil', should be 1
configure:16357: $? = 0
configure:16366: result: yes
configure:16386: checking for copysign in -lm
configure:16411: /Users/nattestad/workspaces/emsdk/emscripten/1.38.30/emcc -o conftest    conftest.c -lm   >&5
conftest.c:54:6: warning: incompatible redeclaration of library function 'copysign' [-Wincompatible-library-redeclaration]
char copysign ();
     ^
conftest.c:54:6: note: 'copysign' is a builtin with type 'double (double, double)'
1 warning generated.
[0;33mwarning:[0m unexpected number of arguments 0 in call to 'copysign', should be 2
[0;33mwarning:[0m unexpected return type i8 in call to 'copysign', should be double
configure:16411: $? = 0
configure:16420: result: yes
configure:16440: checking for cos in -lm
configure:16465: /Users/nattestad/workspaces/emsdk/emscripten/1.38.30/emcc -o conftest    conftest.c -lm   >&5
conftest.c:55:6: warning: incompatible redeclaration of library function 'cos' [-Wincompatible-library-redeclaration]
char cos ();
     ^
conftest.c:55:6: note: 'cos' is a builtin with type 'double (double)'
1 warning generated.
[0;33mwarning:[0m unexpected number of arguments 0 in call to 'cos', should be 1
configure:16465: $? = 0
configure:16474: result: yes
configure:16494: checking for cosh in -lm
configure:16519: /Users/nattestad/workspaces/emsdk/emscripten/1.38.30/emcc -o conftest    conftest.c -lm   >&5
conftest.c:56:6: warning: incompatible redeclaration of library function 'cosh' [-Wincompatible-library-redeclaration]
char cosh ();
     ^
conftest.c:56:6: note: 'cosh' is a builtin with type 'double (double)'
1 warning generated.
[0;33mwarning:[0m unexpected number of arguments 0 in call to 'cosh', should be 1
[0;33mwarning:[0m unexpected return type i8 in call to 'cosh', should be double
configure:16519: $? = 0
configure:16528: result: yes
configure:16548: checking for drem in -lm
configure:16573: /Users/nattestad/workspaces/emsdk/emscripten/1.38.30/emcc -o conftest    conftest.c -lm   >&5
[0;33mwarning:[0m unexpected number of arguments 0 in call to 'remainder', should be 2
[0;33mwarning:[0m unexpected return type i8 in call to 'remainder', should be double
configure:16573: $? = 0
configure:16582: result: yes
configure:16602: checking for erf in -lm
configure:16627: /Users/nattestad/workspaces/emsdk/emscripten/1.38.30/emcc -o conftest    conftest.c -lm   >&5
conftest.c:58:6: warning: incompatible redeclaration of library function 'erf' [-Wincompatible-library-redeclaration]
char erf ();
     ^
conftest.c:58:6: note: 'erf' is a builtin with type 'double (double)'
1 warning generated.
[0;33mwarning:[0m unexpected number of arguments 0 in call to 'erf', should be 1
[0;33mwarning:[0m unexpected return type i8 in call to 'erf', should be double
configure:16627: $? = 0
configure:16636: result: yes
configure:16656: checking for erfc in -lm
configure:16681: /Users/nattestad/workspaces/emsdk/emscripten/1.38.30/emcc -o conftest    conftest.c -lm   >&5
conftest.c:59:6: warning: incompatible redeclaration of library function 'erfc' [-Wincompatible-library-redeclaration]
char erfc ();
     ^
conftest.c:59:6: note: 'erfc' is a builtin with type 'double (double)'
1 warning generated.
[0;33mwarning:[0m unexpected number of arguments 0 in call to 'erfc', should be 1
[0;33mwarning:[0m unexpected return type i8 in call to 'erfc', should be double
configure:16681: $? = 0
configure:16690: result: yes
configure:16710: checking for exp10 in -lm
configure:16735: /Users/nattestad/workspaces/emsdk/emscripten/1.38.30/emcc -o conftest    conftest.c -lm   >&5
[0;33mwarning:[0m unexpected number of arguments 0 in call to 'exp10', should be 1
[0;33mwarning:[0m unexpected return type i8 in call to 'exp10', should be double
configure:16735: $? = 0
configure:16744: result: yes
configure:16764: checking for exp2 in -lm
configure:16789: /Users/nattestad/workspaces/emsdk/emscripten/1.38.30/emcc -o conftest    conftest.c -lm   >&5
conftest.c:61:6: warning: incompatible redeclaration of library function 'exp2' [-Wincompatible-library-redeclaration]
char exp2 ();
     ^
conftest.c:61:6: note: 'exp2' is a builtin with type 'double (double)'
1 warning generated.
[0;33mwarning:[0m unexpected number of arguments 0 in call to 'exp2', should be 1
[0;33mwarning:[0m unexpected return type i8 in call to 'exp2', should be double
configure:16789: $? = 0
configure:16798: result: yes
configure:16818: checking for exp in -lm
configure:16843: /Users/nattestad/workspaces/emsdk/emscripten/1.38.30/emcc -o conftest    conftest.c -lm   >&5
conftest.c:62:6: warning: incompatible redeclaration of library function 'exp' [-Wincompatible-library-redeclaration]
char exp ();
     ^
conftest.c:62:6: note: 'exp' is a builtin with type 'double (double)'
1 warning generated.
[0;33mwarning:[0m unexpected number of arguments 0 in call to 'exp', should be 1
configure:16843: $? = 0
configure:16852: result: yes
configure:16872: checking for expm1 in -lm
configure:16897: /Users/nattestad/workspaces/emsdk/emscripten/1.38.30/emcc -o conftest    conftest.c -lm   >&5
conftest.c:63:6: warning: incompatible redeclaration of library function 'expm1' [-Wincompatible-library-redeclaration]
char expm1 ();
     ^
conftest.c:63:6: note: 'expm1' is a builtin with type 'double (double)'
1 warning generated.
[0;33mwarning:[0m unexpected number of arguments 0 in call to 'expm1', should be 1
[0;33mwarning:[0m unexpected return type i8 in call to 'expm1', should be double
configure:16897: $? = 0
configure:16906: result: yes
configure:16926: checking for fabs in -lm
configure:16951: /Users/nattestad/workspaces/emsdk/emscripten/1.38.30/emcc -o conftest    conftest.c -lm   >&5
conftest.c:64:6: warning: incompatible redeclaration of library function 'fabs' [-Wincompatible-library-redeclaration]
char fabs ();
     ^
conftest.c:64:6: note: 'fabs' is a builtin with type 'double (double)'
1 warning generated.
[0;33mwarning:[0m unexpected number of arguments 0 in call to 'fabs', should be 1
configure:16951: $? = 0
configure:16960: result: yes
configure:16980: checking for fdim in -lm
configure:17005: /Users/nattestad/workspaces/emsdk/emscripten/1.38.30/emcc -o conftest    conftest.c -lm   >&5
conftest.c:65:6: warning: incompatible redeclaration of library function 'fdim' [-Wincompatible-library-redeclaration]
char fdim ();
     ^
conftest.c:65:6: note: 'fdim' is a builtin with type 'double (double, double)'
1 warning generated.
[0;33mwarning:[0m unexpected number of arguments 0 in call to 'fdim', should be 2
[0;33mwarning:[0m unexpected return type i8 in call to 'fdim', should be double
configure:17005: $? = 0
configure:17014: result: yes
configure:17034: checking for floor in -lm
configure:17059: /Users/nattestad/workspaces/emsdk/emscripten/1.38.30/emcc -o conftest    conftest.c -lm   >&5
conftest.c:66:6: warning: incompatible redeclaration of library function 'floor' [-Wincompatible-library-redeclaration]
char floor ();
     ^
conftest.c:66:6: note: 'floor' is a builtin with type 'double (double)'
1 warning generated.
[0;33mwarning:[0m unexpected number of arguments 0 in call to 'floor', should be 1
configure:17059: $? = 0
configure:17068: result: yes
configure:17088: checking for fma in -lm
configure:17113: /Users/nattestad/workspaces/emsdk/emscripten/1.38.30/emcc -o conftest    conftest.c -lm   >&5
conftest.c:67:6: warning: incompatible redeclaration of library function 'fma' [-Wincompatible-library-redeclaration]
char fma ();
     ^
conftest.c:67:6: note: 'fma' is a builtin with type 'double (double, double, double)'
1 warning generated.
[0;33mwarning:[0m unexpected number of arguments 0 in call to 'fma', should be 3
[0;33mwarning:[0m unexpected return type i8 in call to 'fma', should be double
configure:17113: $? = 0
configure:17122: result: yes
configure:17142: checking for fmax in -lm
configure:17167: /Users/nattestad/workspaces/emsdk/emscripten/1.38.30/emcc -o conftest    conftest.c -lm   >&5
conftest.c:68:6: warning: incompatible redeclaration of library function 'fmax' [-Wincompatible-library-redeclaration]
char fmax ();
     ^
conftest.c:68:6: note: 'fmax' is a builtin with type 'double (double, double)'
1 warning generated.
[0;33mwarning:[0m unexpected number of arguments 0 in call to 'fmax', should be 2
[0;33mwarning:[0m unexpected return type i8 in call to 'fmax', should be double
configure:17167: $? = 0
configure:17176: result: yes
configure:17196: checking for fmin in -lm
configure:17221: /Users/nattestad/workspaces/emsdk/emscripten/1.38.30/emcc -o conftest    conftest.c -lm   >&5
conftest.c:69:6: warning: incompatible redeclaration of library function 'fmin' [-Wincompatible-library-redeclaration]
char fmin ();
     ^
conftest.c:69:6: note: 'fmin' is a builtin with type 'double (double, double)'
1 warning generated.
[0;33mwarning:[0m unexpected number of arguments 0 in call to 'fmin', should be 2
[0;33mwarning:[0m unexpected return type i8 in call to 'fmin', should be double
configure:17221: $? = 0
configure:17230: result: yes
configure:17250: checking for fmod in -lm
configure:17275: /Users/nattestad/workspaces/emsdk/emscripten/1.38.30/emcc -o conftest    conftest.c -lm   >&5
conftest.c:70:6: warning: incompatible redeclaration of library function 'fmod' [-Wincompatible-library-redeclaration]
char fmod ();
     ^
conftest.c:70:6: note: 'fmod' is a builtin with type 'double (double, double)'
1 warning generated.
[0;33mwarning:[0m unexpected number of arguments 0 in call to 'fmod', should be 2
[0;33mwarning:[0m unexpected return type i8 in call to 'fmod', should be double
configure:17275: $? = 0
configure:17284: result: yes
configure:17304: checking for frexp in -lm
configure:17329: /Users/nattestad/workspaces/emsdk/emscripten/1.38.30/emcc -o conftest    conftest.c -lm   >&5
conftest.c:71:6: warning: incompatible redeclaration of library function 'frexp' [-Wincompatible-library-redeclaration]
char frexp ();
     ^
conftest.c:71:6: note: 'frexp' is a builtin with type 'double (double, int *)'
1 warning generated.
[0;33mwarning:[0m unexpected number of arguments 0 in call to 'frexp', should be 2
[0;33mwarning:[0m unexpected return type i8 in call to 'frexp', should be double
configure:17329: $? = 0
configure:17338: result: yes
configure:17358: checking for gamma in -lm
configure:17383: /Users/nattestad/workspaces/emsdk/emscripten/1.38.30/emcc -o conftest    conftest.c -lm   >&5
[0;33mwarning:[0m unexpected number of arguments 0 in call to 'gamma', should be 1
error: undefined symbol: gamma
warning: To disable errors for undefined symbols use `-s ERROR_ON_UNDEFINED_SYMBOLS=0`
Error: Aborting compilation due to previous errors
shared:ERROR: '/Users/nattestad/workspaces/emsdk/node/8.9.1_64bit/bin/node /Users/nattestad/workspaces/emsdk/emscripten/1.38.30/src/compiler.js /tmp/tmphablqR.txt /Users/nattestad/workspaces/emsdk/emscripten/1.38.30/src/library_pthread_stub.js' failed (1)
configure:17383: $? = 1
configure: failed program was:
| /* confdefs.h */
| #define PACKAGE_NAME "jq"
| #define PACKAGE_TARNAME "jq"
| #define PACKAGE_VERSION "1.6-92-gad9fc9f-dirty"
| #define PACKAGE_STRING "jq 1.6-92-gad9fc9f-dirty"
| #define PACKAGE_BUGREPORT "https://github.com/stedolan/jq/issues"
| #define PACKAGE_URL "https://stedolan.github.io/jq"
| #define PACKAGE "jq"
| #define VERSION "1.6-92-gad9fc9f-dirty"
| #define STDC_HEADERS 1
| #define HAVE_SYS_TYPES_H 1
| #define HAVE_SYS_STAT_H 1
| #define HAVE_STDLIB_H 1
| #define HAVE_STRING_H 1
| #define HAVE_MEMORY_H 1
| #define HAVE_STRINGS_H 1
| #define HAVE_INTTYPES_H 1
| #define HAVE_STDINT_H 1
| #define HAVE_UNISTD_H 1
| #define HAVE_DLFCN_H 1
| #define LT_OBJDIR ".libs/"
| #define HAVE_MEMMEM 1
| #define HAVE_MKSTEMP 1
| #define HAVE_ALLOCA_H 1
| #define HAVE_ALLOCA 1
| #define HAVE_ISATTY 1
| #define HAVE_STRPTIME 1
| #define HAVE_STRFTIME 1
| #define HAVE_SETENV 1
| #define HAVE_TIMEGM 1
| #define HAVE_GMTIME_R 1
| #define HAVE_GMTIME 1
| #define HAVE_LOCALTIME_R 1
| #define HAVE_LOCALTIME 1
| #define HAVE_TM_TM_GMT_OFF 1
| #define HAVE_TM___TM_GMT_OFF 1
| #define HAVE_ACOS 1
| #define HAVE_ACOSH 1
| #define HAVE_ASIN 1
| #define HAVE_ASINH 1
| #define HAVE_ATAN2 1
| #define HAVE_ATAN 1
| #define HAVE_ATANH 1
| #define HAVE_CBRT 1
| #define HAVE_CEIL 1
| #define HAVE_COPYSIGN 1
| #define HAVE_COS 1
| #define HAVE_COSH 1
| #define HAVE_DREM 1
| #define HAVE_ERF 1
| #define HAVE_ERFC 1
| #define HAVE_EXP10 1
| #define HAVE_EXP2 1
| #define HAVE_EXP 1
| #define HAVE_EXPM1 1
| #define HAVE_FABS 1
| #define HAVE_FDIM 1
| #define HAVE_FLOOR 1
| #define HAVE_FMA 1
| #define HAVE_FMAX 1
| #define HAVE_FMIN 1
| #define HAVE_FMOD 1
| #define HAVE_FREXP 1
| /* end confdefs.h.  */
| 
| /* Override any GCC internal prototype to avoid an error.
|    Use char because int might match the return type of a GCC
|    builtin and then its argument prototype would still apply.  */
| #ifdef __cplusplus
| extern "C"
| #endif
| char gamma ();
| int
| main ()
| {
| return gamma ();
|   ;
|   return 0;
| }
configure:17392: result: no
configure:17412: checking for hypot in -lm
configure:17437: /Users/nattestad/workspaces/emsdk/emscripten/1.38.30/emcc -o conftest    conftest.c -lm   >&5
conftest.c:72:6: warning: incompatible redeclaration of library function 'hypot' [-Wincompatible-library-redeclaration]
char hypot ();
     ^
conftest.c:72:6: note: 'hypot' is a builtin with type 'double (double, double)'
1 warning generated.
[0;33mwarning:[0m unexpected number of arguments 0 in call to 'hypot', should be 2
[0;33mwarning:[0m unexpected return type i8 in call to 'hypot', should be double
configure:17437: $? = 0
configure:17446: result: yes
configure:17466: checking for j0 in -lm
configure:17491: /Users/nattestad/workspaces/emsdk/emscripten/1.38.30/emcc -o conftest    conftest.c -lm   >&5
[0;33mwarning:[0m unexpected number of arguments 0 in call to 'j0', should be 1
[0;33mwarning:[0m unexpected return type i8 in call to 'j0', should be double
configure:17491: $? = 0
configure:17500: result: yes
configure:17520: checking for j1 in -lm
configure:17545: /Users/nattestad/workspaces/emsdk/emscripten/1.38.30/emcc -o conftest    conftest.c -lm   >&5
[0;33mwarning:[0m unexpected number of arguments 0 in call to 'j1', should be 1
[0;33mwarning:[0m unexpected return type i8 in call to 'j1', should be double
configure:17545: $? = 0
configure:17554: result: yes
configure:17574: checking for jn in -lm
configure:17599: /Users/nattestad/workspaces/emsdk/emscripten/1.38.30/emcc -o conftest    conftest.c -lm   >&5
[0;33mwarning:[0m unexpected number of arguments 0 in call to 'jn', should be 2
[0;33mwarning:[0m unexpected return type i8 in call to 'jn', should be double
configure:17599: $? = 0
configure:17608: result: yes
configure:17628: checking for ldexp in -lm
configure:17653: /Users/nattestad/workspaces/emsdk/emscripten/1.38.30/emcc -o conftest    conftest.c -lm   >&5
conftest.c:76:6: warning: incompatible redeclaration of library function 'ldexp' [-Wincompatible-library-redeclaration]
char ldexp ();
     ^
conftest.c:76:6: note: 'ldexp' is a builtin with type 'double (double, int)'
1 warning generated.
[0;33mwarning:[0m unexpected number of arguments 0 in call to 'ldexp', should be 2
[0;33mwarning:[0m unexpected return type i8 in call to 'ldexp', should be double
configure:17653: $? = 0
configure:17662: result: yes
configure:17682: checking for lgamma in -lm
configure:17707: /Users/nattestad/workspaces/emsdk/emscripten/1.38.30/emcc -o conftest    conftest.c -lm   >&5
conftest.c:77:6: warning: incompatible redeclaration of library function 'lgamma' [-Wincompatible-library-redeclaration]
char lgamma ();
     ^
conftest.c:77:6: note: 'lgamma' is a builtin with type 'double (double)'
1 warning generated.
[0;33mwarning:[0m unexpected number of arguments 0 in call to 'lgamma', should be 1
[0;33mwarning:[0m unexpected return type i8 in call to 'lgamma', should be double
configure:17707: $? = 0
configure:17716: result: yes
configure:17736: checking for log10 in -lm
configure:17761: /Users/nattestad/workspaces/emsdk/emscripten/1.38.30/emcc -o conftest    conftest.c -lm   >&5
conftest.c:78:6: warning: incompatible redeclaration of library function 'log10' [-Wincompatible-library-redeclaration]
char log10 ();
     ^
conftest.c:78:6: note: 'log10' is a builtin with type 'double (double)'
1 warning generated.
[0;33mwarning:[0m unexpected number of arguments 0 in call to 'log10', should be 1
[0;33mwarning:[0m unexpected return type i8 in call to 'log10', should be double
configure:17761: $? = 0
configure:17770: result: yes
configure:17790: checking for log1p in -lm
configure:17815: /Users/nattestad/workspaces/emsdk/emscripten/1.38.30/emcc -o conftest    conftest.c -lm   >&5
conftest.c:79:6: warning: incompatible redeclaration of library function 'log1p' [-Wincompatible-library-redeclaration]
char log1p ();
     ^
conftest.c:79:6: note: 'log1p' is a builtin with type 'double (double)'
1 warning generated.
[0;33mwarning:[0m unexpected number of arguments 0 in call to 'log1p', should be 1
[0;33mwarning:[0m unexpected return type i8 in call to 'log1p', should be double
configure:17815: $? = 0
configure:17824: result: yes
configure:17844: checking for log2 in -lm
configure:17869: /Users/nattestad/workspaces/emsdk/emscripten/1.38.30/emcc -o conftest    conftest.c -lm   >&5
conftest.c:80:6: warning: incompatible redeclaration of library function 'log2' [-Wincompatible-library-redeclaration]
char log2 ();
     ^
conftest.c:80:6: note: 'log2' is a builtin with type 'double (double)'
1 warning generated.
[0;33mwarning:[0m unexpected number of arguments 0 in call to 'log2', should be 1
[0;33mwarning:[0m unexpected return type i8 in call to 'log2', should be double
configure:17869: $? = 0
configure:17878: result: yes
configure:17898: checking for log in -lm
configure:17923: /Users/nattestad/workspaces/emsdk/emscripten/1.38.30/emcc -o conftest    conftest.c -lm   >&5
conftest.c:81:6: warning: incompatible redeclaration of library function 'log' [-Wincompatible-library-redeclaration]
char log ();
     ^
conftest.c:81:6: note: 'log' is a builtin with type 'double (double)'
1 warning generated.
[0;33mwarning:[0m unexpected number of arguments 0 in call to 'log', should be 1
configure:17923: $? = 0
configure:17932: result: yes
configure:17952: checking for logb in -lm
configure:17977: /Users/nattestad/workspaces/emsdk/emscripten/1.38.30/emcc -o conftest    conftest.c -lm   >&5
conftest.c:82:6: warning: incompatible redeclaration of library function 'logb' [-Wincompatible-library-redeclaration]
char logb ();
     ^
conftest.c:82:6: note: 'logb' is a builtin with type 'double (double)'
1 warning generated.
[0;33mwarning:[0m unexpected number of arguments 0 in call to 'logb', should be 1
[0;33mwarning:[0m unexpected return type i8 in call to 'logb', should be double
configure:17977: $? = 0
configure:17986: result: yes
configure:18006: checking for modf in -lm
configure:18031: /Users/nattestad/workspaces/emsdk/emscripten/1.38.30/emcc -o conftest    conftest.c -lm   >&5
conftest.c:83:6: warning: incompatible redeclaration of library function 'modf' [-Wincompatible-library-redeclaration]
char modf ();
     ^
conftest.c:83:6: note: 'modf' is a builtin with type 'double (double, double *)'
1 warning generated.
[0;33mwarning:[0m unexpected number of arguments 0 in call to 'modf', should be 2
[0;33mwarning:[0m unexpected return type i8 in call to 'modf', should be double
configure:18031: $? = 0
configure:18040: result: yes
configure:18060: checking for lgamma_r in -lm
configure:18085: /Users/nattestad/workspaces/emsdk/emscripten/1.38.30/emcc -o conftest    conftest.c -lm   >&5
[0;33mwarning:[0m unexpected number of arguments 0 in call to '__lgamma_r', should be 2
[0;33mwarning:[0m unexpected return type i8 in call to '__lgamma_r', should be double
configure:18085: $? = 0
configure:18094: result: yes
configure:18114: checking for nearbyint in -lm
configure:18139: /Users/nattestad/workspaces/emsdk/emscripten/1.38.30/emcc -o conftest    conftest.c -lm   >&5
conftest.c:85:6: warning: incompatible redeclaration of library function 'nearbyint' [-Wincompatible-library-redeclaration]
char nearbyint ();
     ^
conftest.c:85:6: note: 'nearbyint' is a builtin with type 'double (double)'
1 warning generated.
[0;33mwarning:[0m unexpected number of arguments 0 in call to 'nearbyint', should be 1
[0;33mwarning:[0m unexpected return type i8 in call to 'nearbyint', should be double
configure:18139: $? = 0
configure:18148: result: yes
configure:18168: checking for nextafter in -lm
configure:18193: /Users/nattestad/workspaces/emsdk/emscripten/1.38.30/emcc -o conftest    conftest.c -lm   >&5
conftest.c:86:6: warning: incompatible redeclaration of library function 'nextafter' [-Wincompatible-library-redeclaration]
char nextafter ();
     ^
conftest.c:86:6: note: 'nextafter' is a builtin with type 'double (double, double)'
1 warning generated.
[0;33mwarning:[0m unexpected number of arguments 0 in call to 'nextafter', should be 2
[0;33mwarning:[0m unexpected return type i8 in call to 'nextafter', should be double
configure:18193: $? = 0
configure:18202: result: yes
configure:18222: checking for nexttoward in -lm
configure:18247: /Users/nattestad/workspaces/emsdk/emscripten/1.38.30/emcc -o conftest    conftest.c -lm   >&5
conftest.c:87:6: warning: incompatible redeclaration of library function 'nexttoward' [-Wincompatible-library-redeclaration]
char nexttoward ();
     ^
conftest.c:87:6: note: 'nexttoward' is a builtin with type 'double (double, long double)'
1 warning generated.
[0;33mwarning:[0m unexpected number of arguments 0 in call to 'nexttoward', should be 2
[0;33mwarning:[0m unexpected return type i8 in call to 'nexttoward', should be double
configure:18247: $? = 0
configure:18256: result: yes
configure:18276: checking for pow10 in -lm
configure:18301: /Users/nattestad/workspaces/emsdk/emscripten/1.38.30/emcc -o conftest    conftest.c -lm   >&5
[0;33mwarning:[0m unexpected number of arguments 0 in call to 'exp10', should be 1
[0;33mwarning:[0m unexpected return type i8 in call to 'exp10', should be double
configure:18301: $? = 0
configure:18310: result: yes
configure:18330: checking for pow in -lm
configure:18355: /Users/nattestad/workspaces/emsdk/emscripten/1.38.30/emcc -o conftest    conftest.c -lm   >&5
conftest.c:89:6: warning: incompatible redeclaration of library function 'pow' [-Wincompatible-library-redeclaration]
char pow ();
     ^
conftest.c:89:6: note: 'pow' is a builtin with type 'double (double, double)'
1 warning generated.
[0;33mwarning:[0m unexpected number of arguments 0 in call to 'pow', should be 1
configure:18355: $? = 0
configure:18364: result: yes
configure:18384: checking for remainder in -lm
configure:18409: /Users/nattestad/workspaces/emsdk/emscripten/1.38.30/emcc -o conftest    conftest.c -lm   >&5
conftest.c:90:6: warning: incompatible redeclaration of library function 'remainder' [-Wincompatible-library-redeclaration]
char remainder ();
     ^
conftest.c:90:6: note: 'remainder' is a builtin with type 'double (double, double)'
1 warning generated.
[0;33mwarning:[0m unexpected number of arguments 0 in call to 'remainder', should be 2
[0;33mwarning:[0m unexpected return type i8 in call to 'remainder', should be double
configure:18409: $? = 0
configure:18418: result: yes
configure:18438: checking for rint in -lm
configure:18463: /Users/nattestad/workspaces/emsdk/emscripten/1.38.30/emcc -o conftest    conftest.c -lm   >&5
conftest.c:91:6: warning: incompatible redeclaration of library function 'rint' [-Wincompatible-library-redeclaration]
char rint ();
     ^
conftest.c:91:6: note: 'rint' is a builtin with type 'double (double)'
1 warning generated.
[0;33mwarning:[0m unexpected number of arguments 0 in call to 'rint', should be 1
[0;33mwarning:[0m unexpected return type i8 in call to 'rint', should be double
configure:18463: $? = 0
configure:18472: result: yes
configure:18492: checking for round in -lm
configure:18517: /Users/nattestad/workspaces/emsdk/emscripten/1.38.30/emcc -o conftest    conftest.c -lm   >&5
conftest.c:92:6: warning: incompatible redeclaration of library function 'round' [-Wincompatible-library-redeclaration]
char round ();
     ^
conftest.c:92:6: note: 'round' is a builtin with type 'double (double)'
1 warning generated.
[0;33mwarning:[0m unexpected number of arguments 0 in call to 'round', should be 1
configure:18517: $? = 0
configure:18526: result: yes
configure:18546: checking for scalb in -lm
configure:18571: /Users/nattestad/workspaces/emsdk/emscripten/1.38.30/emcc -o conftest    conftest.c -lm   >&5
[0;33mwarning:[0m unexpected number of arguments 0 in call to 'scalb', should be 2
[0;33mwarning:[0m unexpected return type i8 in call to 'scalb', should be double
configure:18571: $? = 0
configure:18580: result: yes
configure:18600: checking for scalbln in -lm
configure:18625: /Users/nattestad/workspaces/emsdk/emscripten/1.38.30/emcc -o conftest    conftest.c -lm   >&5
conftest.c:94:6: warning: incompatible redeclaration of library function 'scalbln' [-Wincompatible-library-redeclaration]
char scalbln ();
     ^
conftest.c:94:6: note: 'scalbln' is a builtin with type 'double (double, long)'
1 warning generated.
[0;33mwarning:[0m unexpected number of arguments 0 in call to 'scalbln', should be 2
[0;33mwarning:[0m unexpected return type i8 in call to 'scalbln', should be double
configure:18625: $? = 0
configure:18634: result: yes
configure:18654: checking for significand in -lm
configure:18679: /Users/nattestad/workspaces/emsdk/emscripten/1.38.30/emcc -o conftest    conftest.c -lm   >&5
[0;33mwarning:[0m unexpected number of arguments 0 in call to 'significand', should be 1
[0;33mwarning:[0m unexpected return type i8 in call to 'significand', should be double
configure:18679: $? = 0
configure:18688: result: yes
configure:18708: checking for sin in -lm
configure:18733: /Users/nattestad/workspaces/emsdk/emscripten/1.38.30/emcc -o conftest    conftest.c -lm   >&5
conftest.c:96:6: warning: incompatible redeclaration of library function 'sin' [-Wincompatible-library-redeclaration]
char sin ();
     ^
conftest.c:96:6: note: 'sin' is a builtin with type 'double (double)'
1 warning generated.
[0;33mwarning:[0m unexpected number of arguments 0 in call to 'sin', should be 1
configure:18733: $? = 0
configure:18742: result: yes
configure:18762: checking for sinh in -lm
configure:18787: /Users/nattestad/workspaces/emsdk/emscripten/1.38.30/emcc -o conftest    conftest.c -lm   >&5
conftest.c:97:6: warning: incompatible redeclaration of library function 'sinh' [-Wincompatible-library-redeclaration]
char sinh ();
     ^
conftest.c:97:6: note: 'sinh' is a builtin with type 'double (double)'
1 warning generated.
[0;33mwarning:[0m unexpected number of arguments 0 in call to 'sinh', should be 1
[0;33mwarning:[0m unexpected return type i8 in call to 'sinh', should be double
configure:18787: $? = 0
configure:18796: result: yes
configure:18816: checking for sqrt in -lm
configure:18841: /Users/nattestad/workspaces/emsdk/emscripten/1.38.30/emcc -o conftest    conftest.c -lm   >&5
conftest.c:98:6: warning: incompatible redeclaration of library function 'sqrt' [-Wincompatible-library-redeclaration]
char sqrt ();
     ^
conftest.c:98:6: note: 'sqrt' is a builtin with type 'double (double)'
1 warning generated.
[0;33mwarning:[0m unexpected number of arguments 0 in call to 'sqrt', should be 1
configure:18841: $? = 0
configure:18850: result: yes
configure:18870: checking for tan in -lm
configure:18895: /Users/nattestad/workspaces/emsdk/emscripten/1.38.30/emcc -o conftest    conftest.c -lm   >&5
conftest.c:99:6: warning: incompatible redeclaration of library function 'tan' [-Wincompatible-library-redeclaration]
char tan ();
     ^
conftest.c:99:6: note: 'tan' is a builtin with type 'double (double)'
1 warning generated.
[0;33mwarning:[0m unexpected number of arguments 0 in call to 'tan', should be 1
configure:18895: $? = 0
configure:18904: result: yes
configure:18924: checking for tanh in -lm
configure:18949: /Users/nattestad/workspaces/emsdk/emscripten/1.38.30/emcc -o conftest    conftest.c -lm   >&5
conftest.c:100:6: warning: incompatible redeclaration of library function 'tanh' [-Wincompatible-library-redeclaration]
char tanh ();
     ^
conftest.c:100:6: note: 'tanh' is a builtin with type 'double (double)'
1 warning generated.
[0;33mwarning:[0m unexpected number of arguments 0 in call to 'tanh', should be 1
[0;33mwarning:[0m unexpected return type i8 in call to 'tanh', should be double
configure:18949: $? = 0
configure:18958: result: yes
configure:18978: checking for tgamma in -lm
configure:19003: /Users/nattestad/workspaces/emsdk/emscripten/1.38.30/emcc -o conftest    conftest.c -lm   >&5
conftest.c:101:6: warning: incompatible redeclaration of library function 'tgamma' [-Wincompatible-library-redeclaration]
char tgamma ();
     ^
conftest.c:101:6: note: 'tgamma' is a builtin with type 'double (double)'
1 warning generated.
[0;33mwarning:[0m unexpected number of arguments 0 in call to 'tgamma', should be 1
[0;33mwarning:[0m unexpected return type i8 in call to 'tgamma', should be double
configure:19003: $? = 0
configure:19012: result: yes
configure:19032: checking for trunc in -lm
configure:19057: /Users/nattestad/workspaces/emsdk/emscripten/1.38.30/emcc -o conftest    conftest.c -lm   >&5
conftest.c:102:6: warning: incompatible redeclaration of library function 'trunc' [-Wincompatible-library-redeclaration]
char trunc ();
     ^
conftest.c:102:6: note: 'trunc' is a builtin with type 'double (double)'
1 warning generated.
[0;33mwarning:[0m unexpected number of arguments 0 in call to 'trunc', should be 1
[0;33mwarning:[0m unexpected return type i8 in call to 'trunc', should be double
configure:19057: $? = 0
configure:19066: result: yes
configure:19086: checking for y0 in -lm
configure:19111: /Users/nattestad/workspaces/emsdk/emscripten/1.38.30/emcc -o conftest    conftest.c -lm   >&5
[0;33mwarning:[0m unexpected number of arguments 0 in call to 'y0', should be 1
[0;33mwarning:[0m unexpected return type i8 in call to 'y0', should be double
configure:19111: $? = 0
configure:19120: result: yes
configure:19140: checking for y1 in -lm
configure:19165: /Users/nattestad/workspaces/emsdk/emscripten/1.38.30/emcc -o conftest    conftest.c -lm   >&5
[0;33mwarning:[0m unexpected number of arguments 0 in call to 'y1', should be 1
[0;33mwarning:[0m unexpected return type i8 in call to 'y1', should be double
configure:19165: $? = 0
configure:19174: result: yes
configure:19194: checking for yn in -lm
configure:19219: /Users/nattestad/workspaces/emsdk/emscripten/1.38.30/emcc -o conftest    conftest.c -lm   >&5
[0;33mwarning:[0m unexpected number of arguments 0 in call to 'yn', should be 2
[0;33mwarning:[0m unexpected return type i8 in call to 'yn', should be double
configure:19219: $? = 0
configure:19228: result: yes
configure:19243: checking for thread-local storage
configure:19252: /Users/nattestad/workspaces/emsdk/emscripten/1.38.30/emcc -o conftest    conftest.c  >&5
configure:19252: $? = 0
configure:19262: result: yes
configure:19265: checking whether byte ordering is bigendian
configure:19280: /Users/nattestad/workspaces/emsdk/emscripten/1.38.30/emcc -c   conftest.c >&5
conftest.c:101:9: error: unknown type name 'not'
               not a universal capable compiler
               ^
conftest.c:101:14: error: expected ';' after top level declarator
               not a universal capable compiler
                    ^
                    ;
2 errors generated.
shared:ERROR: compiler frontend failed to generate LLVM bitcode, halting
configure:19280: $? = 1
configure: failed program was:
| /* confdefs.h */
| #define PACKAGE_NAME "jq"
| #define PACKAGE_TARNAME "jq"
| #define PACKAGE_VERSION "1.6-92-gad9fc9f-dirty"
| #define PACKAGE_STRING "jq 1.6-92-gad9fc9f-dirty"
| #define PACKAGE_BUGREPORT "https://github.com/stedolan/jq/issues"
| #define PACKAGE_URL "https://stedolan.github.io/jq"
| #define PACKAGE "jq"
| #define VERSION "1.6-92-gad9fc9f-dirty"
| #define STDC_HEADERS 1
| #define HAVE_SYS_TYPES_H 1
| #define HAVE_SYS_STAT_H 1
| #define HAVE_STDLIB_H 1
| #define HAVE_STRING_H 1
| #define HAVE_MEMORY_H 1
| #define HAVE_STRINGS_H 1
| #define HAVE_INTTYPES_H 1
| #define HAVE_STDINT_H 1
| #define HAVE_UNISTD_H 1
| #define HAVE_DLFCN_H 1
| #define LT_OBJDIR ".libs/"
| #define HAVE_MEMMEM 1
| #define HAVE_MKSTEMP 1
| #define HAVE_ALLOCA_H 1
| #define HAVE_ALLOCA 1
| #define HAVE_ISATTY 1
| #define HAVE_STRPTIME 1
| #define HAVE_STRFTIME 1
| #define HAVE_SETENV 1
| #define HAVE_TIMEGM 1
| #define HAVE_GMTIME_R 1
| #define HAVE_GMTIME 1
| #define HAVE_LOCALTIME_R 1
| #define HAVE_LOCALTIME 1
| #define HAVE_TM_TM_GMT_OFF 1
| #define HAVE_TM___TM_GMT_OFF 1
| #define HAVE_ACOS 1
| #define HAVE_ACOSH 1
| #define HAVE_ASIN 1
| #define HAVE_ASINH 1
| #define HAVE_ATAN2 1
| #define HAVE_ATAN 1
| #define HAVE_ATANH 1
| #define HAVE_CBRT 1
| #define HAVE_CEIL 1
| #define HAVE_COPYSIGN 1
| #define HAVE_COS 1
| #define HAVE_COSH 1
| #define HAVE_DREM 1
| #define HAVE_ERF 1
| #define HAVE_ERFC 1
| #define HAVE_EXP10 1
| #define HAVE_EXP2 1
| #define HAVE_EXP 1
| #define HAVE_EXPM1 1
| #define HAVE_FABS 1
| #define HAVE_FDIM 1
| #define HAVE_FLOOR 1
| #define HAVE_FMA 1
| #define HAVE_FMAX 1
| #define HAVE_FMIN 1
| #define HAVE_FMOD 1
| #define HAVE_FREXP 1
| #define HAVE_HYPOT 1
| #define HAVE_J0 1
| #define HAVE_J1 1
| #define HAVE_JN 1
| #define HAVE_LDEXP 1
| #define HAVE_LGAMMA 1
| #define HAVE_LOG10 1
| #define HAVE_LOG1P 1
| #define HAVE_LOG2 1
| #define HAVE_LOG 1
| #define HAVE_LOGB 1
| #define HAVE_MODF 1
| #define HAVE_LGAMMA_R 1
| #define HAVE_NEARBYINT 1
| #define HAVE_NEXTAFTER 1
| #define HAVE_NEXTTOWARD 1
| #define HAVE_POW10 1
| #define HAVE_POW 1
| #define HAVE_REMAINDER 1
| #define HAVE_RINT 1
| #define HAVE_ROUND 1
| #define HAVE_SCALB 1
| #define HAVE_SCALBLN 1
| #define HAVE_SIGNIFICAND 1
| #define HAVE_SIN 1
| #define HAVE_SINH 1
| #define HAVE_SQRT 1
| #define HAVE_TAN 1
| #define HAVE_TANH 1
| #define HAVE_TGAMMA 1
| #define HAVE_TRUNC 1
| #define HAVE_Y0 1
| #define HAVE_Y1 1
| #define HAVE_YN 1
| #define HAVE___THREAD 1
| /* end confdefs.h.  */
| #ifndef __APPLE_CC__
| 	       not a universal capable compiler
| 	     #endif
| 	     typedef int dummy;
| 
configure:19325: /Users/nattestad/workspaces/emsdk/emscripten/1.38.30/emcc -c   conftest.c >&5
configure:19325: $? = 0
configure:19343: /Users/nattestad/workspaces/emsdk/emscripten/1.38.30/emcc -c   conftest.c >&5
conftest.c:107:4: error: use of undeclared identifier 'not'
                 not big endian
                 ^
1 error generated.
shared:ERROR: compiler frontend failed to generate LLVM bitcode, halting
configure:19343: $? = 1
configure: failed program was:
| /* confdefs.h */
| #define PACKAGE_NAME "jq"
| #define PACKAGE_TARNAME "jq"
| #define PACKAGE_VERSION "1.6-92-gad9fc9f-dirty"
| #define PACKAGE_STRING "jq 1.6-92-gad9fc9f-dirty"
| #define PACKAGE_BUGREPORT "https://github.com/stedolan/jq/issues"
| #define PACKAGE_URL "https://stedolan.github.io/jq"
| #define PACKAGE "jq"
| #define VERSION "1.6-92-gad9fc9f-dirty"
| #define STDC_HEADERS 1
| #define HAVE_SYS_TYPES_H 1
| #define HAVE_SYS_STAT_H 1
| #define HAVE_STDLIB_H 1
| #define HAVE_STRING_H 1
| #define HAVE_MEMORY_H 1
| #define HAVE_STRINGS_H 1
| #define HAVE_INTTYPES_H 1
| #define HAVE_STDINT_H 1
| #define HAVE_UNISTD_H 1
| #define HAVE_DLFCN_H 1
| #define LT_OBJDIR ".libs/"
| #define HAVE_MEMMEM 1
| #define HAVE_MKSTEMP 1
| #define HAVE_ALLOCA_H 1
| #define HAVE_ALLOCA 1
| #define HAVE_ISATTY 1
| #define HAVE_STRPTIME 1
| #define HAVE_STRFTIME 1
| #define HAVE_SETENV 1
| #define HAVE_TIMEGM 1
| #define HAVE_GMTIME_R 1
| #define HAVE_GMTIME 1
| #define HAVE_LOCALTIME_R 1
| #define HAVE_LOCALTIME 1
| #define HAVE_TM_TM_GMT_OFF 1
| #define HAVE_TM___TM_GMT_OFF 1
| #define HAVE_ACOS 1
| #define HAVE_ACOSH 1
| #define HAVE_ASIN 1
| #define HAVE_ASINH 1
| #define HAVE_ATAN2 1
| #define HAVE_ATAN 1
| #define HAVE_ATANH 1
| #define HAVE_CBRT 1
| #define HAVE_CEIL 1
| #define HAVE_COPYSIGN 1
| #define HAVE_COS 1
| #define HAVE_COSH 1
| #define HAVE_DREM 1
| #define HAVE_ERF 1
| #define HAVE_ERFC 1
| #define HAVE_EXP10 1
| #define HAVE_EXP2 1
| #define HAVE_EXP 1
| #define HAVE_EXPM1 1
| #define HAVE_FABS 1
| #define HAVE_FDIM 1
| #define HAVE_FLOOR 1
| #define HAVE_FMA 1
| #define HAVE_FMAX 1
| #define HAVE_FMIN 1
| #define HAVE_FMOD 1
| #define HAVE_FREXP 1
| #define HAVE_HYPOT 1
| #define HAVE_J0 1
| #define HAVE_J1 1
| #define HAVE_JN 1
| #define HAVE_LDEXP 1
| #define HAVE_LGAMMA 1
| #define HAVE_LOG10 1
| #define HAVE_LOG1P 1
| #define HAVE_LOG2 1
| #define HAVE_LOG 1
| #define HAVE_LOGB 1
| #define HAVE_MODF 1
| #define HAVE_LGAMMA_R 1
| #define HAVE_NEARBYINT 1
| #define HAVE_NEXTAFTER 1
| #define HAVE_NEXTTOWARD 1
| #define HAVE_POW10 1
| #define HAVE_POW 1
| #define HAVE_REMAINDER 1
| #define HAVE_RINT 1
| #define HAVE_ROUND 1
| #define HAVE_SCALB 1
| #define HAVE_SCALBLN 1
| #define HAVE_SIGNIFICAND 1
| #define HAVE_SIN 1
| #define HAVE_SINH 1
| #define HAVE_SQRT 1
| #define HAVE_TAN 1
| #define HAVE_TANH 1
| #define HAVE_TGAMMA 1
| #define HAVE_TRUNC 1
| #define HAVE_Y0 1
| #define HAVE_Y1 1
| #define HAVE_YN 1
| #define HAVE___THREAD 1
| /* end confdefs.h.  */
| #include <sys/types.h>
| 		#include <sys/param.h>
| 
| int
| main ()
| {
| #if BYTE_ORDER != BIG_ENDIAN
| 		 not big endian
| 		#endif
| 
|   ;
|   return 0;
| }
configure:19471: result: no
configure:19766: checking that generated files are newer than configure
configure:19772: result: done
configure:19839: creating ./config.status

## ---------------------- ##
## Running config.status. ##
## ---------------------- ##

This file was extended by jq config.status 1.6-92-gad9fc9f-dirty, which was
generated by GNU Autoconf 2.69.  Invocation command line was

  CONFIG_FILES    = 
  CONFIG_HEADERS  = 
  CONFIG_LINKS    = 
  CONFIG_COMMANDS = 
  $ ./config.status 

on nattestad-macbookpro2.roam.corp.google.com

config.status:1061: creating Makefile
config.status:1061: creating libjq.pc
config.status:1233: executing depfiles commands
config.status:1310: cd .       && sed -e '/# am--include-marker/d' Makefile         | make -f - am--depfiles
make: Nothing to be done for `am--depfiles'.
config.status:1315: $? = 0
config.status:1233: executing libtool commands
configure:21869: === configuring in modules/oniguruma (/Users/nattestad/workspaces/wasmPlay/wasm-complete-edition/mycode/ch7/jq/modules/oniguruma)
configure:21932: running /bin/sh ./configure --disable-option-checking '--prefix=/usr/local'  '--with-oniguruma=builtin' '--disable-maintainer-mode' 'CC=/Users/nattestad/workspaces/emsdk/emscripten/1.38.30/emcc' 'CFLAGS=' --cache-file=/dev/null --srcdir=.

## ---------------- ##
## Cache variables. ##
## ---------------- ##

ac_cv_build=x86_64-apple-darwin18.2.0
ac_cv_c_bigendian=no
ac_cv_c_compiler_gnu=yes
ac_cv_env_CC_set=set
ac_cv_env_CC_value=/Users/nattestad/workspaces/emsdk/emscripten/1.38.30/emcc
ac_cv_env_CFLAGS_set=set
ac_cv_env_CFLAGS_value=
ac_cv_env_CPPFLAGS_set=
ac_cv_env_CPPFLAGS_value=
ac_cv_env_CPP_set=
ac_cv_env_CPP_value=
ac_cv_env_LDFLAGS_set=
ac_cv_env_LDFLAGS_value=
ac_cv_env_LIBS_set=
ac_cv_env_LIBS_value=
ac_cv_env_LT_SYS_LIBRARY_PATH_set=
ac_cv_env_LT_SYS_LIBRARY_PATH_value=
ac_cv_env_YACC_set=
ac_cv_env_YACC_value=
ac_cv_env_YFLAGS_set=
ac_cv_env_YFLAGS_value=
ac_cv_env_build_alias_set=
ac_cv_env_build_alias_value=
ac_cv_env_host_alias_set=
ac_cv_env_host_alias_value=
ac_cv_env_target_alias_set=
ac_cv_env_target_alias_value=
ac_cv_func__isatty=no
ac_cv_func_alloca_works=yes
ac_cv_func_gettimeofday=no
ac_cv_func_gmtime=yes
ac_cv_func_gmtime_r=yes
ac_cv_func_isatty=yes
ac_cv_func_localtime=yes
ac_cv_func_localtime_r=yes
ac_cv_func_memmem=yes
ac_cv_func_mkstemp=yes
ac_cv_func_setenv=yes
ac_cv_func_strftime=yes
ac_cv_func_strptime=yes
ac_cv_func_timegm=yes
ac_cv_funclib__isatty=no
ac_cv_funclib_gettimeofday=no
ac_cv_funclib_gmtime=yes
ac_cv_funclib_gmtime_r=yes
ac_cv_funclib_isatty=yes
ac_cv_funclib_localtime=yes
ac_cv_funclib_localtime_r=yes
ac_cv_funclib_setenv=yes
ac_cv_funclib_strftime=yes
ac_cv_funclib_strptime=yes
ac_cv_funclib_timegm=yes
ac_cv_header_dlfcn_h=yes
ac_cv_header_inttypes_h=yes
ac_cv_header_memory_h=yes
ac_cv_header_shlwapi_h=no
ac_cv_header_stdc=yes
ac_cv_header_stdint_h=yes
ac_cv_header_stdlib_h=yes
ac_cv_header_string_h=yes
ac_cv_header_strings_h=yes
ac_cv_header_sys_stat_h=yes
ac_cv_header_sys_types_h=yes
ac_cv_header_unistd_h=yes
ac_cv_host=x86_64-apple-darwin18.2.0
ac_cv_lib_m_acos=yes
ac_cv_lib_m_acosh=yes
ac_cv_lib_m_asin=yes
ac_cv_lib_m_asinh=yes
ac_cv_lib_m_atan2=yes
ac_cv_lib_m_atan=yes
ac_cv_lib_m_atanh=yes
ac_cv_lib_m_cbrt=yes
ac_cv_lib_m_ceil=yes
ac_cv_lib_m_copysign=yes
ac_cv_lib_m_cos=yes
ac_cv_lib_m_cosh=yes
ac_cv_lib_m_drem=yes
ac_cv_lib_m_erf=yes
ac_cv_lib_m_erfc=yes
ac_cv_lib_m_exp10=yes
ac_cv_lib_m_exp2=yes
ac_cv_lib_m_exp=yes
ac_cv_lib_m_expm1=yes
ac_cv_lib_m_fabs=yes
ac_cv_lib_m_fdim=yes
ac_cv_lib_m_floor=yes
ac_cv_lib_m_fma=yes
ac_cv_lib_m_fmax=yes
ac_cv_lib_m_fmin=yes
ac_cv_lib_m_fmod=yes
ac_cv_lib_m_frexp=yes
ac_cv_lib_m_gamma=no
ac_cv_lib_m_hypot=yes
ac_cv_lib_m_j0=yes
ac_cv_lib_m_j1=yes
ac_cv_lib_m_jn=yes
ac_cv_lib_m_ldexp=yes
ac_cv_lib_m_lgamma=yes
ac_cv_lib_m_lgamma_r=yes
ac_cv_lib_m_log10=yes
ac_cv_lib_m_log1p=yes
ac_cv_lib_m_log2=yes
ac_cv_lib_m_log=yes
ac_cv_lib_m_logb=yes
ac_cv_lib_m_modf=yes
ac_cv_lib_m_nearbyint=yes
ac_cv_lib_m_nextafter=yes
ac_cv_lib_m_nexttoward=yes
ac_cv_lib_m_pow10=yes
ac_cv_lib_m_pow=yes
ac_cv_lib_m_remainder=yes
ac_cv_lib_m_rint=yes
ac_cv_lib_m_round=yes
ac_cv_lib_m_scalb=yes
ac_cv_lib_m_scalbln=yes
ac_cv_lib_m_significand=yes
ac_cv_lib_m_sin=yes
ac_cv_lib_m_sinh=yes
ac_cv_lib_m_sqrt=yes
ac_cv_lib_m_tan=yes
ac_cv_lib_m_tanh=yes
ac_cv_lib_m_tgamma=yes
ac_cv_lib_m_trunc=yes
ac_cv_lib_m_y0=yes
ac_cv_lib_m_y1=yes
ac_cv_lib_m_yn=yes
ac_cv_member_struct_tm___tm_gmtoff=yes
ac_cv_member_struct_tm_tm_gmtoff=yes
ac_cv_objext=o
ac_cv_path_EGREP='/usr/bin/grep -E'
ac_cv_path_FGREP='/usr/bin/grep -F'
ac_cv_path_GREP=/usr/bin/grep
ac_cv_path_SED=/usr/bin/sed
ac_cv_path_install='/usr/bin/install -c'
ac_cv_path_lt_DD=/bin/dd
ac_cv_prog_AWK=awk
ac_cv_prog_CPP='/Users/nattestad/workspaces/emsdk/emscripten/1.38.30/emcc -E'
ac_cv_prog_YACC='bison -y'
ac_cv_prog_ac_ct_CC=/Users/nattestad/workspaces/emsdk/emscripten/1.38.30/emcc
ac_cv_prog_ac_ct_DSYMUTIL=dsymutil
ac_cv_prog_ac_ct_LIPO=lipo
ac_cv_prog_ac_ct_NMEDIT=nmedit
ac_cv_prog_ac_ct_OBJDUMP=objdump
ac_cv_prog_ac_ct_OTOOL=otool
ac_cv_prog_ac_ct_RANLIB=/Users/nattestad/workspaces/emsdk/emscripten/1.38.30/emranlib
ac_cv_prog_ac_ct_STRIP=strip
ac_cv_prog_cc_c89=
ac_cv_prog_cc_c99=
ac_cv_prog_cc_g=yes
ac_cv_prog_cc_stdc=
ac_cv_prog_make_make_set=yes
ac_cv_type_size_t=yes
ac_cv_working_alloca_h=yes
am_cv_CC_dependencies_compiler_type=gcc3
am_cv_ar_interface=ar
am_cv_make_support_nested_variables=yes
am_cv_prog_cc_c_o=yes
lt_cv_apple_cc_single_mod=yes
lt_cv_ar_at_file=@
lt_cv_archive_cmds_need_lc=yes
lt_cv_deplibs_check_method=pass_all
lt_cv_file_magic_cmd='$MAGIC_CMD'
lt_cv_file_magic_test_file=
lt_cv_ld_exported_symbols_list=yes
lt_cv_ld_force_load=no
lt_cv_ld_reload_flag=-r
lt_cv_nm_interface='BSD nm'
lt_cv_objdir=.libs
lt_cv_path_LD=/Users/nattestad/workspaces/emsdk/emscripten/1.38.30/emcc
lt_cv_path_NM=/Users/nattestad/workspaces/emsdk/clang/e1.38.30_64bit/llvm-nm
lt_cv_path_mainfest_tool=no
lt_cv_prog_compiler_c_o=yes
lt_cv_prog_compiler_pic='-fno-common -DPIC'
lt_cv_prog_compiler_pic_works=yes
lt_cv_prog_compiler_rtti_exceptions=yes
lt_cv_prog_compiler_static_works=yes
lt_cv_prog_gnu_ld=yes
lt_cv_sharedlib_from_linklib_cmd='printf %s\n'
lt_cv_sys_global_symbol_pipe='sed -n -e '\''s/^.*[	 ]\([BCDEGRST][BCDEGRST]*\)[	 ][	 ]*\([_A-Za-z][_A-Za-z0-9]*\)$/\1 \2 \2/p'\'' | sed '\''/ __gnu_lto/d'\'''
lt_cv_sys_global_symbol_to_c_name_address='sed -n -e '\''s/^: \(.*\) .*$/  {"\1", (void *) 0},/p'\'' -e '\''s/^[BCDEGRST][BCDEGRST]* .* \(.*\)$/  {"\1", (void *) \&\1},/p'\'''
lt_cv_sys_global_symbol_to_c_name_address_lib_prefix='sed -n -e '\''s/^: \(.*\) .*$/  {"\1", (void *) 0},/p'\'' -e '\''s/^[BCDEGRST][BCDEGRST]* .* \(lib.*\)$/  {"\1", (void *) \&\1},/p'\'' -e '\''s/^[BCDEGRST][BCDEGRST]* .* \(.*\)$/  {"lib\1", (void *) \&\1},/p'\'''
lt_cv_sys_global_symbol_to_cdecl='sed -n -e '\''s/^T .* \(.*\)$/extern int \1();/p'\'' -e '\''s/^[BCDEGRST][BCDEGRST]* .* \(.*\)$/extern char \1;/p'\'''
lt_cv_sys_global_symbol_to_import=
lt_cv_sys_max_cmd_len=196608
lt_cv_to_host_file_cmd=func_convert_file_noop
lt_cv_to_tool_file_cmd=func_convert_file_noop
lt_cv_truncate_bin='/bin/dd bs=4096 count=1'

## ----------------- ##
## Output variables. ##
## ----------------- ##

ACLOCAL='${SHELL} /Users/nattestad/workspaces/wasmPlay/wasm-complete-edition/mycode/ch7/jq/config/missing aclocal-1.16'
ALLOCA=''
AMDEPBACKSLASH='\'
AMDEP_FALSE='#'
AMDEP_TRUE=''
AMTAR='$${TAR-tar}'
AM_BACKSLASH='\'
AM_DEFAULT_V='$(AM_DEFAULT_VERBOSITY)'
AM_DEFAULT_VERBOSITY='0'
AM_V='$(V)'
AR='/Users/nattestad/workspaces/emsdk/emscripten/1.38.30/emar'
AS='as'
AUTOCONF='${SHELL} /Users/nattestad/workspaces/wasmPlay/wasm-complete-edition/mycode/ch7/jq/config/missing autoconf'
AUTOHEADER='${SHELL} /Users/nattestad/workspaces/wasmPlay/wasm-complete-edition/mycode/ch7/jq/config/missing autoheader'
AUTOMAKE='${SHELL} /Users/nattestad/workspaces/wasmPlay/wasm-complete-edition/mycode/ch7/jq/config/missing automake-1.16'
AWK='awk'
BISON_VERSION=''
BUILD_ONIGURUMA_FALSE='#'
BUILD_ONIGURUMA_TRUE=''
BUNDLER=''
CC='/Users/nattestad/workspaces/emsdk/emscripten/1.38.30/emcc'
CCDEPMODE='depmode=gcc3'
CFLAGS=''
CPP='/Users/nattestad/workspaces/emsdk/emscripten/1.38.30/emcc -E'
CPPFLAGS=''
CYGPATH_W='echo'
DEFS='-DPACKAGE_NAME=\"jq\" -DPACKAGE_TARNAME=\"jq\" -DPACKAGE_VERSION=\"1.6-92-gad9fc9f-dirty\" -DPACKAGE_STRING=\"jq\ 1.6-92-gad9fc9f-dirty\" -DPACKAGE_BUGREPORT=\"https://github.com/stedolan/jq/issues\" -DPACKAGE_URL=\"https://stedolan.github.io/jq\" -DPACKAGE=\"jq\" -DVERSION=\"1.6-92-gad9fc9f-dirty\" -DSTDC_HEADERS=1 -DHAVE_SYS_TYPES_H=1 -DHAVE_SYS_STAT_H=1 -DHAVE_STDLIB_H=1 -DHAVE_STRING_H=1 -DHAVE_MEMORY_H=1 -DHAVE_STRINGS_H=1 -DHAVE_INTTYPES_H=1 -DHAVE_STDINT_H=1 -DHAVE_UNISTD_H=1 -DHAVE_DLFCN_H=1 -DLT_OBJDIR=\".libs/\" -DHAVE_MEMMEM=1 -DHAVE_MKSTEMP=1 -DHAVE_ALLOCA_H=1 -DHAVE_ALLOCA=1 -DHAVE_ISATTY=1 -DHAVE_STRPTIME=1 -DHAVE_STRFTIME=1 -DHAVE_SETENV=1 -DHAVE_TIMEGM=1 -DHAVE_GMTIME_R=1 -DHAVE_GMTIME=1 -DHAVE_LOCALTIME_R=1 -DHAVE_LOCALTIME=1 -DHAVE_TM_TM_GMT_OFF=1 -DHAVE_TM___TM_GMT_OFF=1 -DHAVE_ACOS=1 -DHAVE_ACOSH=1 -DHAVE_ASIN=1 -DHAVE_ASINH=1 -DHAVE_ATAN2=1 -DHAVE_ATAN=1 -DHAVE_ATANH=1 -DHAVE_CBRT=1 -DHAVE_CEIL=1 -DHAVE_COPYSIGN=1 -DHAVE_COS=1 -DHAVE_COSH=1 -DHAVE_DREM=1 -DHAVE_ERF=1 -DHAVE_ERFC=1 -DHAVE_EXP10=1 -DHAVE_EXP2=1 -DHAVE_EXP=1 -DHAVE_EXPM1=1 -DHAVE_FABS=1 -DHAVE_FDIM=1 -DHAVE_FLOOR=1 -DHAVE_FMA=1 -DHAVE_FMAX=1 -DHAVE_FMIN=1 -DHAVE_FMOD=1 -DHAVE_FREXP=1 -DHAVE_HYPOT=1 -DHAVE_J0=1 -DHAVE_J1=1 -DHAVE_JN=1 -DHAVE_LDEXP=1 -DHAVE_LGAMMA=1 -DHAVE_LOG10=1 -DHAVE_LOG1P=1 -DHAVE_LOG2=1 -DHAVE_LOG=1 -DHAVE_LOGB=1 -DHAVE_MODF=1 -DHAVE_LGAMMA_R=1 -DHAVE_NEARBYINT=1 -DHAVE_NEXTAFTER=1 -DHAVE_NEXTTOWARD=1 -DHAVE_POW10=1 -DHAVE_POW=1 -DHAVE_REMAINDER=1 -DHAVE_RINT=1 -DHAVE_ROUND=1 -DHAVE_SCALB=1 -DHAVE_SCALBLN=1 -DHAVE_SIGNIFICAND=1 -DHAVE_SIN=1 -DHAVE_SINH=1 -DHAVE_SQRT=1 -DHAVE_TAN=1 -DHAVE_TANH=1 -DHAVE_TGAMMA=1 -DHAVE_TRUNC=1 -DHAVE_Y0=1 -DHAVE_Y1=1 -DHAVE_YN=1 -DHAVE___THREAD=1 -DIEEE_8087=1 -DHAVE_LIBONIG=1'
DEPDIR='.deps'
DLLTOOL='false'
DSYMUTIL='dsymutil'
DUMPBIN=''
ECHO_C='\c'
ECHO_N=''
ECHO_T=''
EGREP='/usr/bin/grep -E'
ENABLE_ALL_STATIC_FALSE=''
ENABLE_ALL_STATIC_TRUE='#'
ENABLE_ASAN_FALSE=''
ENABLE_ASAN_TRUE='#'
ENABLE_DOCS_FALSE='#'
ENABLE_DOCS_TRUE=''
ENABLE_ERROR_INJECTION_FALSE=''
ENABLE_ERROR_INJECTION_TRUE='#'
ENABLE_GCOV_FALSE=''
ENABLE_GCOV_TRUE='#'
ENABLE_UBSAN_FALSE=''
ENABLE_UBSAN_TRUE='#'
ENABLE_VALGRIND_FALSE='#'
ENABLE_VALGRIND_TRUE=''
EXEEXT=''
FGREP='/usr/bin/grep -F'
GREP='/usr/bin/grep'
INSTALL_DATA='${INSTALL} -m 644'
INSTALL_PROGRAM='${INSTALL}'
INSTALL_SCRIPT='${INSTALL}'
INSTALL_STRIP_PROGRAM='$(install_sh) -c -s'
LD='/Users/nattestad/workspaces/emsdk/emscripten/1.38.30/emcc'
LDFLAGS=''
LEX=''
LIBOBJS=''
LIBS=''
LIBTOOL='$(SHELL) $(top_builddir)/libtool'
LIB__isatty=''
LIB_atexit=''
LIB_gettimeofday=''
LIB_gmtime=''
LIB_gmtime_r=''
LIB_isatty=''
LIB_localtime=''
LIB_localtime_r=''
LIB_pthread_key_create=''
LIB_pthread_once=''
LIB_setenv=''
LIB_strftime=''
LIB_strptime=''
LIB_timegm=''
LIPO='lipo'
LN_S='ln -s'
LTLIBOBJS=''
LT_SYS_LIBRARY_PATH=''
MAINT='#'
MAINTAINER_MODE_FALSE=''
MAINTAINER_MODE_TRUE='#'
MAKEINFO='${SHELL} /Users/nattestad/workspaces/wasmPlay/wasm-complete-edition/mycode/ch7/jq/config/missing makeinfo'
MANIFEST_TOOL=':'
MKDIR_P='config/install-sh -c -d'
NM='/Users/nattestad/workspaces/emsdk/clang/e1.38.30_64bit/llvm-nm'
NMEDIT='nmedit'
OBJDUMP='objdump'
OBJEXT='o'
OTOOL64=':'
OTOOL='otool'
PACKAGE='jq'
PACKAGE_BUGREPORT='https://github.com/stedolan/jq/issues'
PACKAGE_NAME='jq'
PACKAGE_STRING='jq 1.6-92-gad9fc9f-dirty'
PACKAGE_TARNAME='jq'
PACKAGE_URL='https://stedolan.github.io/jq'
PACKAGE_VERSION='1.6-92-gad9fc9f-dirty'
PATH_SEPARATOR=':'
RANLIB='/Users/nattestad/workspaces/emsdk/emscripten/1.38.30/emranlib'
SED='/usr/bin/sed'
SET_MAKE=''
SHELL='/bin/sh'
STRIP='strip'
VERSION='1.6-92-gad9fc9f-dirty'
WIN32_FALSE=''
WIN32_TRUE='#'
YACC='bison -y'
YFLAGS=''
ac_ct_AR=''
ac_ct_CC='/Users/nattestad/workspaces/emsdk/emscripten/1.38.30/emcc'
ac_ct_DUMPBIN=''
am__EXEEXT_FALSE=''
am__EXEEXT_TRUE='#'
am__fastdepCC_FALSE='#'
am__fastdepCC_TRUE=''
am__include='include'
am__isrc=''
am__leading_dot='.'
am__nodep='_no'
am__quote=''
am__tar='$${TAR-tar} chof - "$$tardir"'
am__untar='$${TAR-tar} xf -'
bindir='${exec_prefix}/bin'
build='x86_64-apple-darwin18.2.0'
build_alias=''
build_cpu='x86_64'
build_os='darwin18.2.0'
build_vendor='apple'
datadir='${datarootdir}'
datarootdir='${prefix}/share'
docdir='${datarootdir}/doc/${PACKAGE_TARNAME}'
dvidir='${docdir}'
exec_prefix='${prefix}'
host='x86_64-apple-darwin18.2.0'
host_alias=''
host_cpu='x86_64'
host_os='darwin18.2.0'
host_vendor='apple'
htmldir='${docdir}'
includedir='${prefix}/include'
infodir='${datarootdir}/info'
install_sh='${SHELL} /Users/nattestad/workspaces/wasmPlay/wasm-complete-edition/mycode/ch7/jq/config/install-sh'
libdir='${exec_prefix}/lib'
libexecdir='${exec_prefix}/libexec'
localedir='${datarootdir}/locale'
localstatedir='${prefix}/var'
mandir='${datarootdir}/man'
mkdir_p='$(MKDIR_P)'
oldincludedir='/usr/include'
onig_CFLAGS='-I./modules/oniguruma/src'
onig_LDFLAGS='-L./modules/oniguruma/src -Wl,-rpath,${exec_prefix}/lib'
pdfdir='${docdir}'
pipenv_cmd=''
prefix='/usr/local'
program_transform_name='s,x,x,'
psdir='${docdir}'
sbindir='${exec_prefix}/sbin'
sharedstatedir='${prefix}/com'
subdirs=' modules/oniguruma'
sysconfdir='${prefix}/etc'
target_alias=''
valgrind_cmd=''

## ----------- ##
## confdefs.h. ##
## ----------- ##

/* confdefs.h */
#define PACKAGE_NAME "jq"
#define PACKAGE_TARNAME "jq"
#define PACKAGE_VERSION "1.6-92-gad9fc9f-dirty"
#define PACKAGE_STRING "jq 1.6-92-gad9fc9f-dirty"
#define PACKAGE_BUGREPORT "https://github.com/stedolan/jq/issues"
#define PACKAGE_URL "https://stedolan.github.io/jq"
#define PACKAGE "jq"
#define VERSION "1.6-92-gad9fc9f-dirty"
#define STDC_HEADERS 1
#define HAVE_SYS_TYPES_H 1
#define HAVE_SYS_STAT_H 1
#define HAVE_STDLIB_H 1
#define HAVE_STRING_H 1
#define HAVE_MEMORY_H 1
#define HAVE_STRINGS_H 1
#define HAVE_INTTYPES_H 1
#define HAVE_STDINT_H 1
#define HAVE_UNISTD_H 1
#define HAVE_DLFCN_H 1
#define LT_OBJDIR ".libs/"
#define HAVE_MEMMEM 1
#define HAVE_MKSTEMP 1
#define HAVE_ALLOCA_H 1
#define HAVE_ALLOCA 1
#define HAVE_ISATTY 1
#define HAVE_STRPTIME 1
#define HAVE_STRFTIME 1
#define HAVE_SETENV 1
#define HAVE_TIMEGM 1
#define HAVE_GMTIME_R 1
#define HAVE_GMTIME 1
#define HAVE_LOCALTIME_R 1
#define HAVE_LOCALTIME 1
#define HAVE_TM_TM_GMT_OFF 1
#define HAVE_TM___TM_GMT_OFF 1
#define HAVE_ACOS 1
#define HAVE_ACOSH 1
#define HAVE_ASIN 1
#define HAVE_ASINH 1
#define HAVE_ATAN2 1
#define HAVE_ATAN 1
#define HAVE_ATANH 1
#define HAVE_CBRT 1
#define HAVE_CEIL 1
#define HAVE_COPYSIGN 1
#define HAVE_COS 1
#define HAVE_COSH 1
#define HAVE_DREM 1
#define HAVE_ERF 1
#define HAVE_ERFC 1
#define HAVE_EXP10 1
#define HAVE_EXP2 1
#define HAVE_EXP 1
#define HAVE_EXPM1 1
#define HAVE_FABS 1
#define HAVE_FDIM 1
#define HAVE_FLOOR 1
#define HAVE_FMA 1
#define HAVE_FMAX 1
#define HAVE_FMIN 1
#define HAVE_FMOD 1
#define HAVE_FREXP 1
#define HAVE_HYPOT 1
#define HAVE_J0 1
#define HAVE_J1 1
#define HAVE_JN 1
#define HAVE_LDEXP 1
#define HAVE_LGAMMA 1
#define HAVE_LOG10 1
#define HAVE_LOG1P 1
#define HAVE_LOG2 1
#define HAVE_LOG 1
#define HAVE_LOGB 1
#define HAVE_MODF 1
#define HAVE_LGAMMA_R 1
#define HAVE_NEARBYINT 1
#define HAVE_NEXTAFTER 1
#define HAVE_NEXTTOWARD 1
#define HAVE_POW10 1
#define HAVE_POW 1
#define HAVE_REMAINDER 1
#define HAVE_RINT 1
#define HAVE_ROUND 1
#define HAVE_SCALB 1
#define HAVE_SCALBLN 1
#define HAVE_SIGNIFICAND 1
#define HAVE_SIN 1
#define HAVE_SINH 1
#define HAVE_SQRT 1
#define HAVE_TAN 1
#define HAVE_TANH 1
#define HAVE_TGAMMA 1
#define HAVE_TRUNC 1
#define HAVE_Y0 1
#define HAVE_Y1 1
#define HAVE_YN 1
#define HAVE___THREAD 1
#define IEEE_8087 1
#define HAVE_LIBONIG 1

configure: exit 0
