This file contains any messages produced by compilers while
running configure, to aid debugging if configure makes a mistake.

It was created by pacman configure 0.9.4, which was
generated by GNU Autoconf 2.69.  Invocation command line was

  $ ./configure SDL_LIBS==-s USE_SDL=2 -s USE_SDL_IMAGE=2 -s USE_SDL_TTF=2 -s USE_SDL_MIXER=2 CXX=em++ CC=em++

## --------- ##
## Platform. ##
## --------- ##

hostname = 26217371e758
uname -m = x86_64
uname -r = 4.9.125-linuxkit
uname -s = Linux
uname -v = #1 SMP Fri Sep 7 08:20:28 UTC 2018

/usr/bin/uname -p = unknown
/bin/uname -X     = unknown

/bin/arch              = unknown
/usr/bin/arch -k       = unknown
/usr/convex/getsysinfo = unknown
/usr/bin/hostinfo      = unknown
/bin/machine           = unknown
/usr/bin/oslevel       = unknown
/bin/universe          = unknown

PATH: /emsdk/emscripten/1.38.30/system/bin
PATH: /emsdk
PATH: /emsdk/clang/e1.38.30_64bit
PATH: /emsdk/node/8.9.1_64bit/bin
PATH: /emsdk/emscripten/1.38.30
PATH: /usr/local/sbin
PATH: /usr/local/bin
PATH: /usr/sbin
PATH: /usr/bin
PATH: /sbin
PATH: /bin


## ----------- ##
## Core tests. ##
## ----------- ##

configure:2321: checking for a BSD-compatible install
configure:2389: result: /usr/bin/install -c
configure:2400: checking whether build environment is sane
configure:2455: result: yes
configure:2606: checking for a thread-safe mkdir -p
configure:2645: result: /bin/mkdir -p
configure:2652: checking for gawk
configure:2682: result: no
configure:2652: checking for mawk
configure:2668: found /usr/bin/mawk
configure:2679: result: mawk
configure:2690: checking whether make sets $(MAKE)
configure:2712: result: yes
configure:2741: checking whether make supports nested variables
configure:2758: result: yes
configure:3001: checking for C++ compiler version
configure:3010: em++ --version >&5
emcc (Emscripten gcc/clang-like replacement) 1.38.30 (commit 590e7bb23dc15ec32272363b5eb10bc3aabe0294)
Copyright (C) 2014 the Emscripten authors (see AUTHORS.txt)
This is free and open source software under the MIT license.
There is NO warranty; not even for MERCHANTABILITY or FITNESS FOR A PARTICULAR PURPOSE.
  
configure:3021: $? = 0
configure:3010: em++ -v >&5
emcc (Emscripten gcc/clang-like replacement + linker emulating GNU ld) 1.38.30
clang version 6.0.1  (emscripten 1.38.30 : 1.38.30)
Target: x86_64-unknown-linux-gnu
Thread model: posix
InstalledDir: /emsdk/clang/e1.38.30_64bit
Found candidate GCC installation: /usr/lib/gcc/x86_64-linux-gnu/6
Found candidate GCC installation: /usr/lib/gcc/x86_64-linux-gnu/6.3.0
Selected GCC installation: /usr/lib/gcc/x86_64-linux-gnu/6.3.0
Candidate multilib: .;@m64
Selected multilib: .;@m64
... rest of stderr output deleted ...
configure:3021: $? = 0
configure:3010: em++ -V >&5
shared:ERROR: no input files
note that input files without a known suffix are ignored, make sure your input files end with one of: ('.c', '.C', '.i', '.cpp', '.cxx', '.cc', '.c++', '.CPP', '.CXX', '.CC', '.C++', '.ii', '.m', '.mi', '.mm', '.mii', '/dev/null', '.bc', '.o', '.obj', '.lo', '.dylib', '.so', '.a', '.ll', '.h', '.hxx', '.hpp', '.hh', '.H', '.HXX', '.HPP', '.HH')
configure:3021: $? = 1
configure:3010: em++ -qversion >&5
shared:ERROR: no input files
note that input files without a known suffix are ignored, make sure your input files end with one of: ('.c', '.C', '.i', '.cpp', '.cxx', '.cc', '.c++', '.CPP', '.CXX', '.CC', '.C++', '.ii', '.m', '.mi', '.mm', '.mii', '/dev/null', '.bc', '.o', '.obj', '.lo', '.dylib', '.so', '.a', '.ll', '.h', '.hxx', '.hpp', '.hh', '.H', '.HXX', '.HPP', '.HH')
configure:3021: $? = 1
configure:3041: checking whether the C++ compiler works
configure:3063: em++    conftest.cpp  >&5
cache:INFO: generating system library: libdlmalloc.bc... (this will be cached in "/root/.emscripten_cache/asmjs/libdlmalloc.bc" for subsequent builds)
cache:INFO:  - ok
cache:INFO: generating system library: libpthreads_stub.bc... (this will be cached in "/root/.emscripten_cache/asmjs/libpthreads_stub.bc" for subsequent builds)
cache:INFO:  - ok
cache:INFO: generating system library: libc.bc... (this will be cached in "/root/.emscripten_cache/asmjs/libc.bc" for subsequent builds)
cache:INFO:  - ok
cache:INFO: generating system library: libcompiler_rt.a... (this will be cached in "/root/.emscripten_cache/asmjs/libcompiler_rt.a" for subsequent builds)
cache:INFO:  - ok
cache:INFO: generating system asset: generated_struct_info.json... (this will be cached in "/root/.emscripten_cache/asmjs/generated_struct_info.json" for subsequent builds)
cache:INFO:  - ok
configure:3067: $? = 0
configure:3115: result: yes
configure:3118: checking for C++ compiler default output file name
configure:3120: result: a.out
configure:3126: checking for suffix of executables
configure:3133: em++ -o conftest    conftest.cpp  >&5
configure:3137: $? = 0
configure:3159: result: 
configure:3181: checking whether we are cross compiling
configure:3189: em++ -o conftest    conftest.cpp  >&5
configure:3193: $? = 0
configure:3200: ./conftest
configure:3204: $? = 0
configure:3219: result: no
configure:3224: checking for suffix of object files
configure:3246: em++ -c   conftest.cpp >&5
configure:3250: $? = 0
configure:3271: result: o
configure:3275: checking whether we are using the GNU C++ compiler
configure:3294: em++ -c   conftest.cpp >&5
configure:3294: $? = 0
configure:3303: result: yes
configure:3312: checking whether em++ accepts -g
configure:3332: em++ -c -g  conftest.cpp >&5
configure:3332: $? = 0
configure:3373: result: yes
configure:3407: checking for style of include used by make
configure:3435: result: GNU
configure:3461: checking dependency style of em++
configure:3572: result: gcc3
configure:3591: checking for gawk
configure:3618: result: mawk
configure:3677: checking for gcc
configure:3704: result: em++
configure:3933: checking for C compiler version
configure:3942: em++ --version >&5
emcc (Emscripten gcc/clang-like replacement) 1.38.30 (commit 590e7bb23dc15ec32272363b5eb10bc3aabe0294)
Copyright (C) 2014 the Emscripten authors (see AUTHORS.txt)
This is free and open source software under the MIT license.
There is NO warranty; not even for MERCHANTABILITY or FITNESS FOR A PARTICULAR PURPOSE.
  
configure:3953: $? = 0
configure:3942: em++ -v >&5
emcc (Emscripten gcc/clang-like replacement + linker emulating GNU ld) 1.38.30
clang version 6.0.1  (emscripten 1.38.30 : 1.38.30)
Target: x86_64-unknown-linux-gnu
Thread model: posix
InstalledDir: /emsdk/clang/e1.38.30_64bit
Found candidate GCC installation: /usr/lib/gcc/x86_64-linux-gnu/6
Found candidate GCC installation: /usr/lib/gcc/x86_64-linux-gnu/6.3.0
Selected GCC installation: /usr/lib/gcc/x86_64-linux-gnu/6.3.0
Candidate multilib: .;@m64
Selected multilib: .;@m64
... rest of stderr output deleted ...
configure:3953: $? = 0
configure:3942: em++ -V >&5
shared:ERROR: no input files
note that input files without a known suffix are ignored, make sure your input files end with one of: ('.c', '.C', '.i', '.cpp', '.cxx', '.cc', '.c++', '.CPP', '.CXX', '.CC', '.C++', '.ii', '.m', '.mi', '.mm', '.mii', '/dev/null', '.bc', '.o', '.obj', '.lo', '.dylib', '.so', '.a', '.ll', '.h', '.hxx', '.hpp', '.hh', '.H', '.HXX', '.HPP', '.HH')
configure:3953: $? = 1
configure:3942: em++ -qversion >&5
shared:ERROR: no input files
note that input files without a known suffix are ignored, make sure your input files end with one of: ('.c', '.C', '.i', '.cpp', '.cxx', '.cc', '.c++', '.CPP', '.CXX', '.CC', '.C++', '.ii', '.m', '.mi', '.mm', '.mii', '/dev/null', '.bc', '.o', '.obj', '.lo', '.dylib', '.so', '.a', '.ll', '.h', '.hxx', '.hpp', '.hh', '.H', '.HXX', '.HPP', '.HH')
configure:3953: $? = 1
configure:3957: checking whether we are using the GNU C compiler
configure:3976: em++ -c   conftest.c >&5
clang++: warning: treating 'c' input as 'c++' when in C++ mode, this behavior is deprecated [-Wdeprecated]
configure:3976: $? = 0
configure:3985: result: yes
configure:3994: checking whether em++ accepts -g
configure:4014: em++ -c -g  conftest.c >&5
clang++: warning: treating 'c' input as 'c++' when in C++ mode, this behavior is deprecated [-Wdeprecated]
configure:4014: $? = 0
configure: failed program was:
| /* confdefs.h */
| #define PACKAGE_NAME "pacman"
| #define PACKAGE_TARNAME "pacman"
| #define PACKAGE_VERSION "0.9.4"
| #define PACKAGE_STRING "pacman 0.9.4"
| #define PACKAGE_BUGREPORT ""
| #define PACKAGE_URL ""
| #define PACKAGE "pacman"
| #define VERSION "0.9.4"
| /* end confdefs.h.  */
| 
| int
| main ()
| {
| 
|   ;
|   return 0;
| }
configure:4029: em++ -c   conftest.c >&5
clang++: warning: treating 'c' input as 'c++' when in C++ mode, this behavior is deprecated [-Wdeprecated]
configure:4029: $? = 0
configure: failed program was:
| /* confdefs.h */
| #define PACKAGE_NAME "pacman"
| #define PACKAGE_TARNAME "pacman"
| #define PACKAGE_VERSION "0.9.4"
| #define PACKAGE_STRING "pacman 0.9.4"
| #define PACKAGE_BUGREPORT ""
| #define PACKAGE_URL ""
| #define PACKAGE "pacman"
| #define VERSION "0.9.4"
| /* end confdefs.h.  */
| 
| int
| main ()
| {
| 
|   ;
|   return 0;
| }
configure:4045: em++ -c -g  conftest.c >&5
clang++: warning: treating 'c' input as 'c++' when in C++ mode, this behavior is deprecated [-Wdeprecated]
configure:4045: $? = 0
configure:4055: result: yes
configure:4072: checking for em++ option to accept ISO C89
configure:4135: em++  -c   conftest.c >&5
clang++: warning: treating 'c' input as 'c++' when in C++ mode, this behavior is deprecated [-Wdeprecated]
conftest.c:17:17: error: C++ requires a type specifier for all declarations
static char *e (p, i)
                ^
conftest.c:17:20: error: unknown type name 'i'
static char *e (p, i)
                   ^
conftest.c:17:22: error: expected ';' after top level declarator
static char *e (p, i)
                     ^
                     ;
conftest.c:20:1: error: expected unqualified-id
{
^
4 errors generated.
shared:ERROR: compiler frontend failed to generate LLVM bitcode, halting
configure:4135: $? = 1
configure: failed program was:
| /* confdefs.h */
| #define PACKAGE_NAME "pacman"
| #define PACKAGE_TARNAME "pacman"
| #define PACKAGE_VERSION "0.9.4"
| #define PACKAGE_STRING "pacman 0.9.4"
| #define PACKAGE_BUGREPORT ""
| #define PACKAGE_URL ""
| #define PACKAGE "pacman"
| #define VERSION "0.9.4"
| /* end confdefs.h.  */
| #include <stdarg.h>
| #include <stdio.h>
| struct stat;
| /* Most of the following tests are stolen from RCS 5.7's src/conf.sh.  */
| struct buf { int x; };
| FILE * (*rcsopen) (struct buf *, struct stat *, int);
| static char *e (p, i)
|      char **p;
|      int i;
| {
|   return p[i];
| }
| static char *f (char * (*g) (char **, int), char **p, ...)
| {
|   char *s;
|   va_list v;
|   va_start (v,p);
|   s = g (p, va_arg (v,int));
|   va_end (v);
|   return s;
| }
| 
| /* OSF 4.0 Compaq cc is some sort of almost-ANSI by default.  It has
|    function prototypes and stuff, but not '\xHH' hex character constants.
|    These don't provoke an error unfortunately, instead are silently treated
|    as 'x'.  The following induces an error, until -std is added to get
|    proper ANSI mode.  Curiously '\x00'!='x' always comes out true, for an
|    array size at least.  It's necessary to write '\x00'==0 to get something
|    that's true only with -std.  */
| int osf4_cc_array ['\x00' == 0 ? 1 : -1];
| 
| /* IBM C 6 for AIX is almost-ANSI by default, but it replaces macro parameters
|    inside strings and character constants.  */
| #define FOO(x) 'x'
| int xlc6_cc_array[FOO(a) == 'x' ? 1 : -1];
| 
| int test (int i, double x);
| struct s1 {int (*f) (int a);};
| struct s2 {int (*f) (double a);};
| int pairnames (int, char **, FILE *(*)(struct buf *, struct stat *, int), int, int);
| int argc;
| char **argv;
| int
| main ()
| {
| return f (e, argv, 0) != argv[0]  ||  f (e, argv, 1) != argv[1];
|   ;
|   return 0;
| }
configure:4135: em++ -qlanglvl=extc89 -c   conftest.c >&5
clang++: error: unknown argument: '-qlanglvl=extc89'
clang++: warning: treating 'c' input as 'c++' when in C++ mode, this behavior is deprecated [-Wdeprecated]
shared:ERROR: compiler frontend failed to generate LLVM bitcode, halting
configure:4135: $? = 1
configure: failed program was:
| /* confdefs.h */
| #define PACKAGE_NAME "pacman"
| #define PACKAGE_TARNAME "pacman"
| #define PACKAGE_VERSION "0.9.4"
| #define PACKAGE_STRING "pacman 0.9.4"
| #define PACKAGE_BUGREPORT ""
| #define PACKAGE_URL ""
| #define PACKAGE "pacman"
| #define VERSION "0.9.4"
| /* end confdefs.h.  */
| #include <stdarg.h>
| #include <stdio.h>
| struct stat;
| /* Most of the following tests are stolen from RCS 5.7's src/conf.sh.  */
| struct buf { int x; };
| FILE * (*rcsopen) (struct buf *, struct stat *, int);
| static char *e (p, i)
|      char **p;
|      int i;
| {
|   return p[i];
| }
| static char *f (char * (*g) (char **, int), char **p, ...)
| {
|   char *s;
|   va_list v;
|   va_start (v,p);
|   s = g (p, va_arg (v,int));
|   va_end (v);
|   return s;
| }
| 
| /* OSF 4.0 Compaq cc is some sort of almost-ANSI by default.  It has
|    function prototypes and stuff, but not '\xHH' hex character constants.
|    These don't provoke an error unfortunately, instead are silently treated
|    as 'x'.  The following induces an error, until -std is added to get
|    proper ANSI mode.  Curiously '\x00'!='x' always comes out true, for an
|    array size at least.  It's necessary to write '\x00'==0 to get something
|    that's true only with -std.  */
| int osf4_cc_array ['\x00' == 0 ? 1 : -1];
| 
| /* IBM C 6 for AIX is almost-ANSI by default, but it replaces macro parameters
|    inside strings and character constants.  */
| #define FOO(x) 'x'
| int xlc6_cc_array[FOO(a) == 'x' ? 1 : -1];
| 
| int test (int i, double x);
| struct s1 {int (*f) (int a);};
| struct s2 {int (*f) (double a);};
| int pairnames (int, char **, FILE *(*)(struct buf *, struct stat *, int), int, int);
| int argc;
| char **argv;
| int
| main ()
| {
| return f (e, argv, 0) != argv[0]  ||  f (e, argv, 1) != argv[1];
|   ;
|   return 0;
| }
configure:4135: em++ -qlanglvl=ansi -c   conftest.c >&5
clang++: error: unknown argument: '-qlanglvl=ansi'
clang++: warning: treating 'c' input as 'c++' when in C++ mode, this behavior is deprecated [-Wdeprecated]
shared:ERROR: compiler frontend failed to generate LLVM bitcode, halting
configure:4135: $? = 1
configure: failed program was:
| /* confdefs.h */
| #define PACKAGE_NAME "pacman"
| #define PACKAGE_TARNAME "pacman"
| #define PACKAGE_VERSION "0.9.4"
| #define PACKAGE_STRING "pacman 0.9.4"
| #define PACKAGE_BUGREPORT ""
| #define PACKAGE_URL ""
| #define PACKAGE "pacman"
| #define VERSION "0.9.4"
| /* end confdefs.h.  */
| #include <stdarg.h>
| #include <stdio.h>
| struct stat;
| /* Most of the following tests are stolen from RCS 5.7's src/conf.sh.  */
| struct buf { int x; };
| FILE * (*rcsopen) (struct buf *, struct stat *, int);
| static char *e (p, i)
|      char **p;
|      int i;
| {
|   return p[i];
| }
| static char *f (char * (*g) (char **, int), char **p, ...)
| {
|   char *s;
|   va_list v;
|   va_start (v,p);
|   s = g (p, va_arg (v,int));
|   va_end (v);
|   return s;
| }
| 
| /* OSF 4.0 Compaq cc is some sort of almost-ANSI by default.  It has
|    function prototypes and stuff, but not '\xHH' hex character constants.
|    These don't provoke an error unfortunately, instead are silently treated
|    as 'x'.  The following induces an error, until -std is added to get
|    proper ANSI mode.  Curiously '\x00'!='x' always comes out true, for an
|    array size at least.  It's necessary to write '\x00'==0 to get something
|    that's true only with -std.  */
| int osf4_cc_array ['\x00' == 0 ? 1 : -1];
| 
| /* IBM C 6 for AIX is almost-ANSI by default, but it replaces macro parameters
|    inside strings and character constants.  */
| #define FOO(x) 'x'
| int xlc6_cc_array[FOO(a) == 'x' ? 1 : -1];
| 
| int test (int i, double x);
| struct s1 {int (*f) (int a);};
| struct s2 {int (*f) (double a);};
| int pairnames (int, char **, FILE *(*)(struct buf *, struct stat *, int), int, int);
| int argc;
| char **argv;
| int
| main ()
| {
| return f (e, argv, 0) != argv[0]  ||  f (e, argv, 1) != argv[1];
|   ;
|   return 0;
| }
configure:4135: em++ -std -c   conftest.c >&5
clang++: error: unknown argument: '-std'
clang++: warning: treating 'c' input as 'c++' when in C++ mode, this behavior is deprecated [-Wdeprecated]
shared:ERROR: compiler frontend failed to generate LLVM bitcode, halting
configure:4135: $? = 1
configure: failed program was:
| /* confdefs.h */
| #define PACKAGE_NAME "pacman"
| #define PACKAGE_TARNAME "pacman"
| #define PACKAGE_VERSION "0.9.4"
| #define PACKAGE_STRING "pacman 0.9.4"
| #define PACKAGE_BUGREPORT ""
| #define PACKAGE_URL ""
| #define PACKAGE "pacman"
| #define VERSION "0.9.4"
| /* end confdefs.h.  */
| #include <stdarg.h>
| #include <stdio.h>
| struct stat;
| /* Most of the following tests are stolen from RCS 5.7's src/conf.sh.  */
| struct buf { int x; };
| FILE * (*rcsopen) (struct buf *, struct stat *, int);
| static char *e (p, i)
|      char **p;
|      int i;
| {
|   return p[i];
| }
| static char *f (char * (*g) (char **, int), char **p, ...)
| {
|   char *s;
|   va_list v;
|   va_start (v,p);
|   s = g (p, va_arg (v,int));
|   va_end (v);
|   return s;
| }
| 
| /* OSF 4.0 Compaq cc is some sort of almost-ANSI by default.  It has
|    function prototypes and stuff, but not '\xHH' hex character constants.
|    These don't provoke an error unfortunately, instead are silently treated
|    as 'x'.  The following induces an error, until -std is added to get
|    proper ANSI mode.  Curiously '\x00'!='x' always comes out true, for an
|    array size at least.  It's necessary to write '\x00'==0 to get something
|    that's true only with -std.  */
| int osf4_cc_array ['\x00' == 0 ? 1 : -1];
| 
| /* IBM C 6 for AIX is almost-ANSI by default, but it replaces macro parameters
|    inside strings and character constants.  */
| #define FOO(x) 'x'
| int xlc6_cc_array[FOO(a) == 'x' ? 1 : -1];
| 
| int test (int i, double x);
| struct s1 {int (*f) (int a);};
| struct s2 {int (*f) (double a);};
| int pairnames (int, char **, FILE *(*)(struct buf *, struct stat *, int), int, int);
| int argc;
| char **argv;
| int
| main ()
| {
| return f (e, argv, 0) != argv[0]  ||  f (e, argv, 1) != argv[1];
|   ;
|   return 0;
| }
configure:4135: em++ -Ae -c   conftest.c >&5
clang++: warning: treating 'c' input as 'c++' when in C++ mode, this behavior is deprecated [-Wdeprecated]
clang++: warning: argument unused during compilation: '-Ae' [-Wunused-command-line-argument]
conftest.c:17:17: error: C++ requires a type specifier for all declarations
static char *e (p, i)
                ^
conftest.c:17:20: error: unknown type name 'i'
static char *e (p, i)
                   ^
conftest.c:17:22: error: expected ';' after top level declarator
static char *e (p, i)
                     ^
                     ;
conftest.c:20:1: error: expected unqualified-id
{
^
4 errors generated.
shared:ERROR: compiler frontend failed to generate LLVM bitcode, halting
configure:4135: $? = 1
configure: failed program was:
| /* confdefs.h */
| #define PACKAGE_NAME "pacman"
| #define PACKAGE_TARNAME "pacman"
| #define PACKAGE_VERSION "0.9.4"
| #define PACKAGE_STRING "pacman 0.9.4"
| #define PACKAGE_BUGREPORT ""
| #define PACKAGE_URL ""
| #define PACKAGE "pacman"
| #define VERSION "0.9.4"
| /* end confdefs.h.  */
| #include <stdarg.h>
| #include <stdio.h>
| struct stat;
| /* Most of the following tests are stolen from RCS 5.7's src/conf.sh.  */
| struct buf { int x; };
| FILE * (*rcsopen) (struct buf *, struct stat *, int);
| static char *e (p, i)
|      char **p;
|      int i;
| {
|   return p[i];
| }
| static char *f (char * (*g) (char **, int), char **p, ...)
| {
|   char *s;
|   va_list v;
|   va_start (v,p);
|   s = g (p, va_arg (v,int));
|   va_end (v);
|   return s;
| }
| 
| /* OSF 4.0 Compaq cc is some sort of almost-ANSI by default.  It has
|    function prototypes and stuff, but not '\xHH' hex character constants.
|    These don't provoke an error unfortunately, instead are silently treated
|    as 'x'.  The following induces an error, until -std is added to get
|    proper ANSI mode.  Curiously '\x00'!='x' always comes out true, for an
|    array size at least.  It's necessary to write '\x00'==0 to get something
|    that's true only with -std.  */
| int osf4_cc_array ['\x00' == 0 ? 1 : -1];
| 
| /* IBM C 6 for AIX is almost-ANSI by default, but it replaces macro parameters
|    inside strings and character constants.  */
| #define FOO(x) 'x'
| int xlc6_cc_array[FOO(a) == 'x' ? 1 : -1];
| 
| int test (int i, double x);
| struct s1 {int (*f) (int a);};
| struct s2 {int (*f) (double a);};
| int pairnames (int, char **, FILE *(*)(struct buf *, struct stat *, int), int, int);
| int argc;
| char **argv;
| int
| main ()
| {
| return f (e, argv, 0) != argv[0]  ||  f (e, argv, 1) != argv[1];
|   ;
|   return 0;
| }
configure:4135: em++ -Aa -D_HPUX_SOURCE -c   conftest.c >&5
clang++: warning: treating 'c' input as 'c++' when in C++ mode, this behavior is deprecated [-Wdeprecated]
clang++: warning: argument unused during compilation: '-Aa' [-Wunused-command-line-argument]
conftest.c:17:17: error: C++ requires a type specifier for all declarations
static char *e (p, i)
                ^
conftest.c:17:20: error: unknown type name 'i'
static char *e (p, i)
                   ^
conftest.c:17:22: error: expected ';' after top level declarator
static char *e (p, i)
                     ^
                     ;
conftest.c:20:1: error: expected unqualified-id
{
^
4 errors generated.
shared:ERROR: compiler frontend failed to generate LLVM bitcode, halting
configure:4135: $? = 1
configure: failed program was:
| /* confdefs.h */
| #define PACKAGE_NAME "pacman"
| #define PACKAGE_TARNAME "pacman"
| #define PACKAGE_VERSION "0.9.4"
| #define PACKAGE_STRING "pacman 0.9.4"
| #define PACKAGE_BUGREPORT ""
| #define PACKAGE_URL ""
| #define PACKAGE "pacman"
| #define VERSION "0.9.4"
| /* end confdefs.h.  */
| #include <stdarg.h>
| #include <stdio.h>
| struct stat;
| /* Most of the following tests are stolen from RCS 5.7's src/conf.sh.  */
| struct buf { int x; };
| FILE * (*rcsopen) (struct buf *, struct stat *, int);
| static char *e (p, i)
|      char **p;
|      int i;
| {
|   return p[i];
| }
| static char *f (char * (*g) (char **, int), char **p, ...)
| {
|   char *s;
|   va_list v;
|   va_start (v,p);
|   s = g (p, va_arg (v,int));
|   va_end (v);
|   return s;
| }
| 
| /* OSF 4.0 Compaq cc is some sort of almost-ANSI by default.  It has
|    function prototypes and stuff, but not '\xHH' hex character constants.
|    These don't provoke an error unfortunately, instead are silently treated
|    as 'x'.  The following induces an error, until -std is added to get
|    proper ANSI mode.  Curiously '\x00'!='x' always comes out true, for an
|    array size at least.  It's necessary to write '\x00'==0 to get something
|    that's true only with -std.  */
| int osf4_cc_array ['\x00' == 0 ? 1 : -1];
| 
| /* IBM C 6 for AIX is almost-ANSI by default, but it replaces macro parameters
|    inside strings and character constants.  */
| #define FOO(x) 'x'
| int xlc6_cc_array[FOO(a) == 'x' ? 1 : -1];
| 
| int test (int i, double x);
| struct s1 {int (*f) (int a);};
| struct s2 {int (*f) (double a);};
| int pairnames (int, char **, FILE *(*)(struct buf *, struct stat *, int), int, int);
| int argc;
| char **argv;
| int
| main ()
| {
| return f (e, argv, 0) != argv[0]  ||  f (e, argv, 1) != argv[1];
|   ;
|   return 0;
| }
configure:4135: em++ -Xc -D__EXTENSIONS__ -c   conftest.c >&5
clang++: warning: treating 'c' input as 'c++' when in C++ mode, this behavior is deprecated [-Wdeprecated]
clang++: warning: argument unused during compilation: '-Xc' [-Wunused-command-line-argument]
conftest.c:17:17: error: C++ requires a type specifier for all declarations
static char *e (p, i)
                ^
conftest.c:17:20: error: unknown type name 'i'
static char *e (p, i)
                   ^
conftest.c:17:22: error: expected ';' after top level declarator
static char *e (p, i)
                     ^
                     ;
conftest.c:20:1: error: expected unqualified-id
{
^
4 errors generated.
shared:ERROR: compiler frontend failed to generate LLVM bitcode, halting
configure:4135: $? = 1
configure: failed program was:
| /* confdefs.h */
| #define PACKAGE_NAME "pacman"
| #define PACKAGE_TARNAME "pacman"
| #define PACKAGE_VERSION "0.9.4"
| #define PACKAGE_STRING "pacman 0.9.4"
| #define PACKAGE_BUGREPORT ""
| #define PACKAGE_URL ""
| #define PACKAGE "pacman"
| #define VERSION "0.9.4"
| /* end confdefs.h.  */
| #include <stdarg.h>
| #include <stdio.h>
| struct stat;
| /* Most of the following tests are stolen from RCS 5.7's src/conf.sh.  */
| struct buf { int x; };
| FILE * (*rcsopen) (struct buf *, struct stat *, int);
| static char *e (p, i)
|      char **p;
|      int i;
| {
|   return p[i];
| }
| static char *f (char * (*g) (char **, int), char **p, ...)
| {
|   char *s;
|   va_list v;
|   va_start (v,p);
|   s = g (p, va_arg (v,int));
|   va_end (v);
|   return s;
| }
| 
| /* OSF 4.0 Compaq cc is some sort of almost-ANSI by default.  It has
|    function prototypes and stuff, but not '\xHH' hex character constants.
|    These don't provoke an error unfortunately, instead are silently treated
|    as 'x'.  The following induces an error, until -std is added to get
|    proper ANSI mode.  Curiously '\x00'!='x' always comes out true, for an
|    array size at least.  It's necessary to write '\x00'==0 to get something
|    that's true only with -std.  */
| int osf4_cc_array ['\x00' == 0 ? 1 : -1];
| 
| /* IBM C 6 for AIX is almost-ANSI by default, but it replaces macro parameters
|    inside strings and character constants.  */
| #define FOO(x) 'x'
| int xlc6_cc_array[FOO(a) == 'x' ? 1 : -1];
| 
| int test (int i, double x);
| struct s1 {int (*f) (int a);};
| struct s2 {int (*f) (double a);};
| int pairnames (int, char **, FILE *(*)(struct buf *, struct stat *, int), int, int);
| int argc;
| char **argv;
| int
| main ()
| {
| return f (e, argv, 0) != argv[0]  ||  f (e, argv, 1) != argv[1];
|   ;
|   return 0;
| }
configure:4151: result: unsupported
configure:4173: checking whether em++ understands -c and -o together
configure:4195: em++ -c conftest.c -o conftest2.o
clang++: warning: treating 'c' input as 'c++' when in C++ mode, this behavior is deprecated [-Wdeprecated]
configure:4198: $? = 0
configure:4195: em++ -c conftest.c -o conftest2.o
clang++: warning: treating 'c' input as 'c++' when in C++ mode, this behavior is deprecated [-Wdeprecated]
configure:4198: $? = 0
configure:4210: result: yes
configure:4229: checking dependency style of em++
configure:4340: result: gcc3
configure:4360: checking how to run the C preprocessor
configure:4391: em++ -E  conftest.c
clang++: warning: treating 'c' input as 'c++' when in C++ mode, this behavior is deprecated [-Wdeprecated]
configure:4391: $? = 0
configure:4405: em++ -E  conftest.c
clang++: warning: treating 'c' input as 'c++' when in C++ mode, this behavior is deprecated [-Wdeprecated]
conftest.c:11:10: fatal error: 'ac_nonexistent.h' file not found
#include <ac_nonexistent.h>
         ^~~~~~~~~~~~~~~~~~
1 error generated.
configure:4405: $? = 1
configure: failed program was:
| /* confdefs.h */
| #define PACKAGE_NAME "pacman"
| #define PACKAGE_TARNAME "pacman"
| #define PACKAGE_VERSION "0.9.4"
| #define PACKAGE_STRING "pacman 0.9.4"
| #define PACKAGE_BUGREPORT ""
| #define PACKAGE_URL ""
| #define PACKAGE "pacman"
| #define VERSION "0.9.4"
| /* end confdefs.h.  */
| #include <ac_nonexistent.h>
configure:4430: result: em++ -E
configure:4450: em++ -E  conftest.c
clang++: warning: treating 'c' input as 'c++' when in C++ mode, this behavior is deprecated [-Wdeprecated]
configure:4450: $? = 0
configure:4464: em++ -E  conftest.c
clang++: warning: treating 'c' input as 'c++' when in C++ mode, this behavior is deprecated [-Wdeprecated]
conftest.c:11:10: fatal error: 'ac_nonexistent.h' file not found
#include <ac_nonexistent.h>
         ^~~~~~~~~~~~~~~~~~
1 error generated.
configure:4464: $? = 1
configure: failed program was:
| /* confdefs.h */
| #define PACKAGE_NAME "pacman"
| #define PACKAGE_TARNAME "pacman"
| #define PACKAGE_VERSION "0.9.4"
| #define PACKAGE_STRING "pacman 0.9.4"
| #define PACKAGE_BUGREPORT ""
| #define PACKAGE_URL ""
| #define PACKAGE "pacman"
| #define VERSION "0.9.4"
| /* end confdefs.h.  */
| #include <ac_nonexistent.h>
configure:4493: checking whether ln -s works
configure:4497: result: yes
configure:4504: checking whether make sets $(MAKE)
configure:4526: result: yes
configure:4578: checking for ranlib
configure:4605: result: /emsdk/emscripten/1.38.30/emranlib
configure:4684: checking for pkg-config
configure:4702: found /usr/bin/pkg-config
configure:4714: result: /usr/bin/pkg-config
configure:4739: checking pkg-config is at least version 0.9.0
configure:4742: result: yes
configure:4789: checking for sdl2 >= 2.0.0
configure:4796: $PKG_CONFIG --exists --print-errors "sdl2 >= $min_sdl_version"
Package sdl2 was not found in the pkg-config search path.
Perhaps you should add the directory containing `sdl2.pc'
to the PKG_CONFIG_PATH environment variable
No package 'sdl2' found
configure:4799: $? = 1
configure:4830: result: no
No package 'sdl2' found
configure:4884: checking for sdl2-config
configure:4902: found /emsdk/emscripten/1.38.30/system/bin/sdl2-config
configure:4915: result: /emsdk/emscripten/1.38.30/system/bin/sdl2-config
configure:4952: checking for SDL - version >= 2.0.0
configure:5036: em++ -o conftest  -s USE_SDL=2   conftest.c  -s USE_SDL=2 >&5
system_libs:WARNING: retrieving port: sdl2 from https://github.com/emscripten-ports/SDL2/archive/version_17.zip
system_libs:WARNING: unpacking port: sdl2
cache:INFO: generating port: libSDL2.bc... (this will be cached in "/root/.emscripten_cache/asmjs/libSDL2.bc" for subsequent builds)
cache:INFO:  - ok
clang++: warning: treating 'c' input as 'c++' when in C++ mode, this behavior is deprecated [-Wdeprecated]
conftest.c:44:27: warning: conversion from string literal to 'char *' is deprecated [-Wc++11-compat-deprecated-writable-strings]
  tmp_version = my_strdup("2.0.0");
                          ^
1 warning generated.
cache:INFO: generating system library: libgl.bc... (this will be cached in "/root/.emscripten_cache/asmjs/libgl.bc" for subsequent builds)
cache:INFO:  - ok
cache:INFO: generating system library: libc-extras.bc... (this will be cached in "/root/.emscripten_cache/asmjs/libc-extras.bc" for subsequent builds)
cache:INFO:  - ok
configure:5036: $? = 0
configure:5036: ./conftest
configure:5036: $? = 0
configure:5055: result: yes
configure:5128: checking for main in -lSDL2_image
configure:5147: em++ -o conftest    conftest.c -lSDL2_image   >&5
shared:WARNING: emcc: cannot find library "SDL2_image"
clang++: warning: treating 'c' input as 'c++' when in C++ mode, this behavior is deprecated [-Wdeprecated]
configure:5147: $? = 0
configure:5156: result: yes
configure:5169: checking for main in -lSDL2_ttf
configure:5188: em++ -o conftest    conftest.c -lSDL2_ttf  -lSDL2_image  >&5
shared:WARNING: emcc: cannot find library "SDL2_ttf"
shared:WARNING: emcc: cannot find library "SDL2_image"
clang++: warning: treating 'c' input as 'c++' when in C++ mode, this behavior is deprecated [-Wdeprecated]
configure:5188: $? = 0
configure:5197: result: yes
configure:5210: checking for main in -lSDL2_mixer
configure:5229: em++ -o conftest    conftest.c -lSDL2_mixer  -lSDL2_ttf -lSDL2_image  >&5
shared:WARNING: emcc: cannot find library "SDL2_mixer"
shared:WARNING: emcc: cannot find library "SDL2_ttf"
shared:WARNING: emcc: cannot find library "SDL2_image"
clang++: warning: treating 'c' input as 'c++' when in C++ mode, this behavior is deprecated [-Wdeprecated]
configure:5229: $? = 0
configure:5238: result: yes
configure:5254: checking for grep that handles long lines and -e
configure:5312: result: /bin/grep
configure:5317: checking for egrep
configure:5379: result: /bin/grep -E
configure:5384: checking for ANSI C header files
configure:5404: em++ -c   conftest.c >&5
clang++: warning: treating 'c' input as 'c++' when in C++ mode, this behavior is deprecated [-Wdeprecated]
configure:5404: $? = 0
clang++: warning: treating 'c' input as 'c++' when in C++ mode, this behavior is deprecated [-Wdeprecated]
clang++: warning: treating 'c' input as 'c++' when in C++ mode, this behavior is deprecated [-Wdeprecated]
configure:5477: em++ -o conftest    conftest.c -lSDL2_mixer -lSDL2_ttf -lSDL2_image  >&5
shared:WARNING: emcc: cannot find library "SDL2_mixer"
shared:WARNING: emcc: cannot find library "SDL2_ttf"
shared:WARNING: emcc: cannot find library "SDL2_image"
clang++: warning: treating 'c' input as 'c++' when in C++ mode, this behavior is deprecated [-Wdeprecated]
configure:5477: $? = 0
configure:5477: ./conftest
configure:5477: $? = 0
configure:5488: result: yes
configure:5501: checking for sys/types.h
configure:5501: em++ -c   conftest.c >&5
clang++: warning: treating 'c' input as 'c++' when in C++ mode, this behavior is deprecated [-Wdeprecated]
configure:5501: $? = 0
configure:5501: result: yes
configure:5501: checking for sys/stat.h
configure:5501: em++ -c   conftest.c >&5
clang++: warning: treating 'c' input as 'c++' when in C++ mode, this behavior is deprecated [-Wdeprecated]
configure:5501: $? = 0
configure:5501: result: yes
configure:5501: checking for stdlib.h
configure:5501: em++ -c   conftest.c >&5
clang++: warning: treating 'c' input as 'c++' when in C++ mode, this behavior is deprecated [-Wdeprecated]
configure:5501: $? = 0
configure:5501: result: yes
configure:5501: checking for string.h
configure:5501: em++ -c   conftest.c >&5
clang++: warning: treating 'c' input as 'c++' when in C++ mode, this behavior is deprecated [-Wdeprecated]
configure:5501: $? = 0
configure:5501: result: yes
configure:5501: checking for memory.h
configure:5501: em++ -c   conftest.c >&5
clang++: warning: treating 'c' input as 'c++' when in C++ mode, this behavior is deprecated [-Wdeprecated]
configure:5501: $? = 0
configure:5501: result: yes
configure:5501: checking for strings.h
configure:5501: em++ -c   conftest.c >&5
clang++: warning: treating 'c' input as 'c++' when in C++ mode, this behavior is deprecated [-Wdeprecated]
configure:5501: $? = 0
configure:5501: result: yes
configure:5501: checking for inttypes.h
configure:5501: em++ -c   conftest.c >&5
clang++: warning: treating 'c' input as 'c++' when in C++ mode, this behavior is deprecated [-Wdeprecated]
configure:5501: $? = 0
configure:5501: result: yes
configure:5501: checking for stdint.h
configure:5501: em++ -c   conftest.c >&5
clang++: warning: treating 'c' input as 'c++' when in C++ mode, this behavior is deprecated [-Wdeprecated]
configure:5501: $? = 0
configure:5501: result: yes
configure:5501: checking for unistd.h
configure:5501: em++ -c   conftest.c >&5
clang++: warning: treating 'c' input as 'c++' when in C++ mode, this behavior is deprecated [-Wdeprecated]
configure:5501: $? = 0
configure:5501: result: yes
configure:5515: checking for stdlib.h
configure:5515: result: yes
configure:5527: checking for stdbool.h that conforms to C99
configure:5594: em++ -c   conftest.c >&5
clang++: warning: treating 'c' input as 'c++' when in C++ mode, this behavior is deprecated [-Wdeprecated]
conftest.c:28:15: error: expected unqualified-id
              "error: bool is not defined"
              ^
conftest.c:46:48: error: C++ requires a type specifier for all declarations
             struct s { _Bool s: 1; _Bool t; } s;
                                               ^
conftest.c:53:22: error: use of undeclared identifier '_Bool'
             char f[(_Bool) 0.0 == false ? 1 : -1];
                     ^
conftest.c:55:29: error: use of undeclared identifier '_Bool'
             char h[sizeof (_Bool)];
                            ^
conftest.c:60:14: error: unknown type name '_Bool'
             _Bool n[m];
             ^
conftest.c:62:27: error: use of undeclared identifier '_Bool'
             char p[-1 - (_Bool) 0 < 0 && -1 - (bool) 0 < 0 ? 1 : -1];
                          ^
conftest.c:67:14: error: unknown type name '_Bool'
             _Bool q = true;
             ^
conftest.c:68:14: error: unknown type name '_Bool'
             _Bool *pq = &q;
             ^
8 errors generated.
shared:ERROR: compiler frontend failed to generate LLVM bitcode, halting
configure:5594: $? = 1
configure: failed program was:
| /* confdefs.h */
| #define PACKAGE_NAME "pacman"
| #define PACKAGE_TARNAME "pacman"
| #define PACKAGE_VERSION "0.9.4"
| #define PACKAGE_STRING "pacman 0.9.4"
| #define PACKAGE_BUGREPORT ""
| #define PACKAGE_URL ""
| #define PACKAGE "pacman"
| #define VERSION "0.9.4"
| #define HAVE_LIBSDL2_IMAGE 1
| #define HAVE_LIBSDL2_TTF 1
| #define HAVE_LIBSDL2_MIXER 1
| #define STDC_HEADERS 1
| #define HAVE_SYS_TYPES_H 1
| #define HAVE_SYS_STAT_H 1
| #define HAVE_STDLIB_H 1
| #define HAVE_STRING_H 1
| #define HAVE_MEMORY_H 1
| #define HAVE_STRINGS_H 1
| #define HAVE_INTTYPES_H 1
| #define HAVE_STDINT_H 1
| #define HAVE_UNISTD_H 1
| #define HAVE_STDLIB_H 1
| /* end confdefs.h.  */
| 
|              #include <stdbool.h>
|              #ifndef bool
|               "error: bool is not defined"
|              #endif
|              #ifndef false
|               "error: false is not defined"
|              #endif
|              #if false
|               "error: false is not 0"
|              #endif
|              #ifndef true
|               "error: true is not defined"
|              #endif
|              #if true != 1
|               "error: true is not 1"
|              #endif
|              #ifndef __bool_true_false_are_defined
|               "error: __bool_true_false_are_defined is not defined"
|              #endif
| 
|              struct s { _Bool s: 1; _Bool t; } s;
| 
|              char a[true == 1 ? 1 : -1];
|              char b[false == 0 ? 1 : -1];
|              char c[__bool_true_false_are_defined == 1 ? 1 : -1];
|              char d[(bool) 0.5 == true ? 1 : -1];
|              /* See body of main program for 'e'.  */
|              char f[(_Bool) 0.0 == false ? 1 : -1];
|              char g[true];
|              char h[sizeof (_Bool)];
|              char i[sizeof s.t];
|              enum { j = false, k = true, l = false * true, m = true * 256 };
|              /* The following fails for
|                 HP aC++/ANSI C B3910B A.05.55 [Dec 04 2003]. */
|              _Bool n[m];
|              char o[sizeof n == m * sizeof n[0] ? 1 : -1];
|              char p[-1 - (_Bool) 0 < 0 && -1 - (bool) 0 < 0 ? 1 : -1];
|              /* Catch a bug in an HP-UX C compiler.  See
|                 http://gcc.gnu.org/ml/gcc-patches/2003-12/msg02303.html
|                 http://lists.gnu.org/archive/html/bug-coreutils/2005-11/msg00161.html
|               */
|              _Bool q = true;
|              _Bool *pq = &q;
| 
| int
| main ()
| {
| 
|              bool e = &s;
|              *pq |= q;
|              *pq |= ! q;
|              /* Refer to every declared value, to avoid compiler optimizations.  */
|              return (!a + !b + !c + !d + !e + !f + !g + !h + !i + !!j + !k + !!l
|                      + !m + !n + !o + !p + !q + !pq);
| 
|   ;
|   return 0;
| }
configure:5601: result: no
configure:5603: checking for _Bool
configure:5603: em++ -c   conftest.c >&5
clang++: warning: treating 'c' input as 'c++' when in C++ mode, this behavior is deprecated [-Wdeprecated]
conftest.c:61:13: error: use of undeclared identifier '_Bool'
if (sizeof (_Bool))
            ^
1 error generated.
shared:ERROR: compiler frontend failed to generate LLVM bitcode, halting
configure:5603: $? = 1
configure: failed program was:
| /* confdefs.h */
| #define PACKAGE_NAME "pacman"
| #define PACKAGE_TARNAME "pacman"
| #define PACKAGE_VERSION "0.9.4"
| #define PACKAGE_STRING "pacman 0.9.4"
| #define PACKAGE_BUGREPORT ""
| #define PACKAGE_URL ""
| #define PACKAGE "pacman"
| #define VERSION "0.9.4"
| #define HAVE_LIBSDL2_IMAGE 1
| #define HAVE_LIBSDL2_TTF 1
| #define HAVE_LIBSDL2_MIXER 1
| #define STDC_HEADERS 1
| #define HAVE_SYS_TYPES_H 1
| #define HAVE_SYS_STAT_H 1
| #define HAVE_STDLIB_H 1
| #define HAVE_STRING_H 1
| #define HAVE_MEMORY_H 1
| #define HAVE_STRINGS_H 1
| #define HAVE_INTTYPES_H 1
| #define HAVE_STDINT_H 1
| #define HAVE_UNISTD_H 1
| #define HAVE_STDLIB_H 1
| /* end confdefs.h.  */
| #include <stdio.h>
| #ifdef HAVE_SYS_TYPES_H
| # include <sys/types.h>
| #endif
| #ifdef HAVE_SYS_STAT_H
| # include <sys/stat.h>
| #endif
| #ifdef STDC_HEADERS
| # include <stdlib.h>
| # include <stddef.h>
| #else
| # ifdef HAVE_STDLIB_H
| #  include <stdlib.h>
| # endif
| #endif
| #ifdef HAVE_STRING_H
| # if !defined STDC_HEADERS && defined HAVE_MEMORY_H
| #  include <memory.h>
| # endif
| # include <string.h>
| #endif
| #ifdef HAVE_STRINGS_H
| # include <strings.h>
| #endif
| #ifdef HAVE_INTTYPES_H
| # include <inttypes.h>
| #endif
| #ifdef HAVE_STDINT_H
| # include <stdint.h>
| #endif
| #ifdef HAVE_UNISTD_H
| # include <unistd.h>
| #endif
| int
| main ()
| {
| if (sizeof (_Bool))
| 	 return 0;
|   ;
|   return 0;
| }
configure:5603: result: no
configure:5618: checking for atexit
configure:5618: em++ -o conftest    conftest.c -lSDL2_mixer -lSDL2_ttf -lSDL2_image  >&5
shared:WARNING: emcc: cannot find library "SDL2_mixer"
shared:WARNING: emcc: cannot find library "SDL2_ttf"
shared:WARNING: emcc: cannot find library "SDL2_image"
clang++: warning: treating 'c' input as 'c++' when in C++ mode, this behavior is deprecated [-Wdeprecated]
configure:5618: $? = 0
configure:5618: result: yes
configure:5739: checking that generated files are newer than configure
configure:5745: result: done
configure:5772: creating ./config.status

## ---------------------- ##
## Running config.status. ##
## ---------------------- ##

This file was extended by pacman config.status 0.9.4, which was
generated by GNU Autoconf 2.69.  Invocation command line was

  CONFIG_FILES    = 
  CONFIG_HEADERS  = 
  CONFIG_LINKS    = 
  CONFIG_COMMANDS = 
  $ ./config.status 

on 26217371e758

config.status:878: creating Makefile
config.status:878: creating data/Makefile
config.status:878: creating data/fonts/Makefile
config.status:878: creating data/gfx/Makefile
config.status:878: creating data/sounds/Makefile
config.status:878: creating data/txt/Makefile
config.status:878: creating src/Makefile
config.status:878: creating config.h
config.status:1059: config.h is unchanged
config.status:1107: executing depfiles commands

## ---------------- ##
## Cache variables. ##
## ---------------- ##

ac_cv_c_compiler_gnu=yes
ac_cv_cxx_compiler_gnu=yes
ac_cv_env_CCC_set=
ac_cv_env_CCC_value=
ac_cv_env_CC_set=set
ac_cv_env_CC_value=em++
ac_cv_env_CFLAGS_set=set
ac_cv_env_CFLAGS_value=
ac_cv_env_CPPFLAGS_set=
ac_cv_env_CPPFLAGS_value=
ac_cv_env_CPP_set=
ac_cv_env_CPP_value=
ac_cv_env_CXXFLAGS_set=
ac_cv_env_CXXFLAGS_value=
ac_cv_env_CXX_set=set
ac_cv_env_CXX_value=em++
ac_cv_env_LDFLAGS_set=
ac_cv_env_LDFLAGS_value=
ac_cv_env_LIBS_set=
ac_cv_env_LIBS_value=
ac_cv_env_PKG_CONFIG_LIBDIR_set=set
ac_cv_env_PKG_CONFIG_LIBDIR_value=/emsdk/emscripten/1.38.30/system/local/lib/pkgconfig:/emsdk/emscripten/1.38.30/system/lib/pkgconfig
ac_cv_env_PKG_CONFIG_PATH_set=set
ac_cv_env_PKG_CONFIG_PATH_value=
ac_cv_env_PKG_CONFIG_set=
ac_cv_env_PKG_CONFIG_value=
ac_cv_env_SDL2_FRAMEWORK_set=
ac_cv_env_SDL2_FRAMEWORK_value=
ac_cv_env_SDL_CFLAGS_set=
ac_cv_env_SDL_CFLAGS_value=
ac_cv_env_SDL_LIBS_set=set
ac_cv_env_SDL_LIBS_value='=-s USE_SDL=2 -s USE_SDL_IMAGE=2 -s USE_SDL_TTF=2 -s USE_SDL_MIXER=2'
ac_cv_env_build_alias_set=
ac_cv_env_build_alias_value=
ac_cv_env_host_alias_set=
ac_cv_env_host_alias_value=
ac_cv_env_target_alias_set=
ac_cv_env_target_alias_value=
ac_cv_func_atexit=yes
ac_cv_header_inttypes_h=yes
ac_cv_header_memory_h=yes
ac_cv_header_stdbool_h=no
ac_cv_header_stdc=yes
ac_cv_header_stdint_h=yes
ac_cv_header_stdlib_h=yes
ac_cv_header_string_h=yes
ac_cv_header_strings_h=yes
ac_cv_header_sys_stat_h=yes
ac_cv_header_sys_types_h=yes
ac_cv_header_unistd_h=yes
ac_cv_lib_SDL2_image_main=yes
ac_cv_lib_SDL2_mixer_main=yes
ac_cv_lib_SDL2_ttf_main=yes
ac_cv_objext=o
ac_cv_path_EGREP='/bin/grep -E'
ac_cv_path_GREP=/bin/grep
ac_cv_path_SDL2_CONFIG=/emsdk/emscripten/1.38.30/system/bin/sdl2-config
ac_cv_path_ac_pt_PKG_CONFIG=/usr/bin/pkg-config
ac_cv_path_install='/usr/bin/install -c'
ac_cv_path_mkdir=/bin/mkdir
ac_cv_prog_AWK=mawk
ac_cv_prog_CPP='em++ -E'
ac_cv_prog_ac_ct_CC=em++
ac_cv_prog_ac_ct_RANLIB=/emsdk/emscripten/1.38.30/emranlib
ac_cv_prog_cc_c89=no
ac_cv_prog_cc_g=yes
ac_cv_prog_cxx_g=yes
ac_cv_prog_make_make_set=yes
ac_cv_type__Bool=no
am_cv_CC_dependencies_compiler_type=gcc3
am_cv_CXX_dependencies_compiler_type=gcc3
am_cv_make_support_nested_variables=yes
am_cv_prog_cc_c_o=yes
pkg_cv_SDL_LIBS='=-s USE_SDL=2 -s USE_SDL_IMAGE=2 -s USE_SDL_TTF=2 -s USE_SDL_MIXER=2'

## ----------------- ##
## Output variables. ##
## ----------------- ##

ACLOCAL='${SHELL} /src/missing aclocal-1.15'
AMDEPBACKSLASH='\'
AMDEP_FALSE='#'
AMDEP_TRUE=''
AMTAR='$${TAR-tar}'
AM_BACKSLASH='\'
AM_DEFAULT_V='$(AM_DEFAULT_VERBOSITY)'
AM_DEFAULT_VERBOSITY='1'
AM_V='$(V)'
AUTOCONF='${SHELL} /src/missing autoconf'
AUTOHEADER='${SHELL} /src/missing autoheader'
AUTOMAKE='${SHELL} /src/missing automake-1.15'
AWK='mawk'
CC='em++'
CCDEPMODE='depmode=gcc3'
CFLAGS=''
CPP='em++ -E'
CPPFLAGS=''
CXX='em++'
CXXDEPMODE='depmode=gcc3'
CXXFLAGS='-g -O2'
CYGPATH_W='echo'
DEFS='-DHAVE_CONFIG_H'
DEPDIR='.deps'
ECHO_C=''
ECHO_N='-n'
ECHO_T=''
EGREP='/bin/grep -E'
EXEEXT=''
GREP='/bin/grep'
INSTALL_DATA='${INSTALL} -m 644'
INSTALL_PROGRAM='${INSTALL}'
INSTALL_SCRIPT='${INSTALL}'
INSTALL_STRIP_PROGRAM='$(install_sh) -c -s'
LDFLAGS=''
LIBOBJS=''
LIBS='-lSDL2_mixer -lSDL2_ttf -lSDL2_image '
LN_S='ln -s'
LTLIBOBJS=''
MAKEINFO='${SHELL} /src/missing makeinfo'
MKDIR_P='/bin/mkdir -p'
OBJEXT='o'
PACKAGE='pacman'
PACKAGE_BUGREPORT=''
PACKAGE_NAME='pacman'
PACKAGE_STRING='pacman 0.9.4'
PACKAGE_TARNAME='pacman'
PACKAGE_URL=''
PACKAGE_VERSION='0.9.4'
PATH_SEPARATOR=':'
PKG_CONFIG='/usr/bin/pkg-config'
PKG_CONFIG_LIBDIR='/emsdk/emscripten/1.38.30/system/local/lib/pkgconfig:/emsdk/emscripten/1.38.30/system/lib/pkgconfig'
PKG_CONFIG_PATH=''
RANLIB='/emsdk/emscripten/1.38.30/emranlib'
SDL2_CONFIG='/emsdk/emscripten/1.38.30/system/bin/sdl2-config'
SDL2_FRAMEWORK=''
SDL_CFLAGS='-s USE_SDL=2'
SDL_LIBS='-s USE_SDL=2'
SET_MAKE=''
SHELL='/bin/bash'
STRIP=''
VERSION='0.9.4'
ac_ct_CC='em++'
ac_ct_CXX=''
am__EXEEXT_FALSE=''
am__EXEEXT_TRUE='#'
am__fastdepCC_FALSE='#'
am__fastdepCC_TRUE=''
am__fastdepCXX_FALSE='#'
am__fastdepCXX_TRUE=''
am__include='include'
am__isrc=''
am__leading_dot='.'
am__nodep='_no'
am__quote=''
am__tar='$${TAR-tar} chof - "$$tardir"'
am__untar='$${TAR-tar} xf -'
bindir='${exec_prefix}/bin'
build_alias=''
datadir='${datarootdir}'
datarootdir='${prefix}/share'
docdir='${datarootdir}/doc/${PACKAGE_TARNAME}'
dvidir='${docdir}'
exec_prefix='${prefix}'
host_alias=''
htmldir='${docdir}'
includedir='${prefix}/include'
infodir='${datarootdir}/info'
install_sh='${SHELL} /src/install-sh'
libdir='${exec_prefix}/lib'
libexecdir='${exec_prefix}/libexec'
localedir='${datarootdir}/locale'
localstatedir='${prefix}/var'
mandir='${datarootdir}/man'
mkdir_p='$(MKDIR_P)'
oldincludedir='/usr/include'
pdfdir='${docdir}'
prefix='/usr/local'
program_transform_name='s,x,x,'
psdir='${docdir}'
sbindir='${exec_prefix}/sbin'
sharedstatedir='${prefix}/com'
sysconfdir='${prefix}/etc'
target_alias=''

## ----------- ##
## confdefs.h. ##
## ----------- ##

/* confdefs.h */
#define PACKAGE_NAME "pacman"
#define PACKAGE_TARNAME "pacman"
#define PACKAGE_VERSION "0.9.4"
#define PACKAGE_STRING "pacman 0.9.4"
#define PACKAGE_BUGREPORT ""
#define PACKAGE_URL ""
#define PACKAGE "pacman"
#define VERSION "0.9.4"
#define HAVE_LIBSDL2_IMAGE 1
#define HAVE_LIBSDL2_TTF 1
#define HAVE_LIBSDL2_MIXER 1
#define STDC_HEADERS 1
#define HAVE_SYS_TYPES_H 1
#define HAVE_SYS_STAT_H 1
#define HAVE_STDLIB_H 1
#define HAVE_STRING_H 1
#define HAVE_MEMORY_H 1
#define HAVE_STRINGS_H 1
#define HAVE_INTTYPES_H 1
#define HAVE_STDINT_H 1
#define HAVE_UNISTD_H 1
#define HAVE_STDLIB_H 1
#define HAVE_ATEXIT 1

configure: exit 0
